6/6/2012 2:54:27 AM
INFO  2012-06-05 19:54:06,081 - Installing bundle...
INFO  2012-06-05 19:54:06,093 - Performing pre-install.
INFO  2012-06-05 19:54:06,099 - Installing context item: SalesLogix Application Entities (\Entity Model\SalesLogix Application Entities\SalesLogix Application Entities.T.package.xml)
INFO  2012-06-05 19:54:06,114 - Successfully installed SalesLogix Application Entities (\Entity Model\SalesLogix Application Entities\SalesLogix Application Entities.T.package.xml)
INFO  2012-06-05 19:54:06,132 - Installing model item: Address (\Entity Model\SalesLogix Application Entities\Address\Address.ADDRESS.entity.xml)
INFO  2012-06-05 19:54:06,729 - Successfully installed Address (\Entity Model\SalesLogix Application Entities\Address\Address.ADDRESS.entity.xml)
INFO  2012-06-05 19:54:06,738 - Installing context item: Contact (\Entity Model\SalesLogix Application Entities\Contact\Contact.CONTACT.entity.xml)
INFO  2012-06-05 19:54:07,679 - Successfully installed Contact (\Entity Model\SalesLogix Application Entities\Contact\Contact.CONTACT.entity.xml)
INFO  2012-06-05 19:54:07,689 - Installing model item: OnAfterInsert (\Entity Model\SalesLogix Application Entities\Contact\OnAfterInsert.method.xml)
INFO  2012-06-05 19:54:07,702 - Successfully installed OnAfterInsert (\Entity Model\SalesLogix Application Entities\Contact\OnAfterInsert.method.xml)
INFO  2012-06-05 19:54:07,712 - Installing item: OnAfterInsert (\Entity Model\SalesLogix Application Entities\Contact\OnAfterInsert.method.xml::Primary Steps::OnAfterInsert)
INFO  2012-06-05 19:54:07,725 - Successfully installed OnAfterInsert (\Entity Model\SalesLogix Application Entities\Contact\OnAfterInsert.method.xml::Primary Steps::OnAfterInsert)
INFO  2012-06-05 19:54:07,734 - Installing item: LinkContact (\Entity Model\SalesLogix Application Entities\Contact\OnAfterInsert.method.xml::Post Execute Steps::LinkContact)
INFO  2012-06-05 19:54:07,744 - Successfully installed LinkContact (\Entity Model\SalesLogix Application Entities\Contact\OnAfterInsert.method.xml::Post Execute Steps::LinkContact)
INFO  2012-06-05 19:54:07,754 - Installing context item: Lead (\Entity Model\SalesLogix Application Entities\Lead\Lead.LEAD.entity.xml)
INFO  2012-06-05 19:54:08,140 - Successfully installed Lead (\Entity Model\SalesLogix Application Entities\Lead\Lead.LEAD.entity.xml)
INFO  2012-06-05 19:54:08,151 - Installing model item: MergeLead (\Entity Model\SalesLogix Application Entities\Lead\MergeLead.method.xml)
INFO  2012-06-05 19:54:08,167 - Successfully installed MergeLead (\Entity Model\SalesLogix Application Entities\Lead\MergeLead.method.xml)
INFO  2012-06-05 19:54:08,263 - Installing item: MergeLead (\Entity Model\SalesLogix Application Entities\Lead\MergeLead.method.xml::Primary Steps::MergeLead)
INFO  2012-06-05 19:54:08,274 - Successfully installed MergeLead (\Entity Model\SalesLogix Application Entities\Lead\MergeLead.method.xml::Primary Steps::MergeLead)
INFO  2012-06-05 19:54:08,287 - Installing item: MergeLead_MoveCampaignTargets (\Entity Model\SalesLogix Application Entities\Lead\MergeLead.method.xml::Post Execute Steps::MergeLead_MoveCampaignTargets)
INFO  2012-06-05 19:54:08,301 - Successfully installed MergeLead_MoveCampaignTargets (\Entity Model\SalesLogix Application Entities\Lead\MergeLead.method.xml::Post Execute Steps::MergeLead_MoveCampaignTargets)
INFO  2012-06-05 19:54:08,353 - Installing item: MergeLead_MoveResponses (\Entity Model\SalesLogix Application Entities\Lead\MergeLead.method.xml::Post Execute Steps::MergeLead_MoveResponses)
INFO  2012-06-05 19:54:08,366 - Successfully installed MergeLead_MoveResponses (\Entity Model\SalesLogix Application Entities\Lead\MergeLead.method.xml::Post Execute Steps::MergeLead_MoveResponses)
INFO  2012-06-05 19:54:08,380 - Installing item: MergeLead_MoveActivities (\Entity Model\SalesLogix Application Entities\Lead\MergeLead.method.xml::Post Execute Steps::MergeLead_MoveActivities)
INFO  2012-06-05 19:54:08,393 - Successfully installed MergeLead_MoveActivities (\Entity Model\SalesLogix Application Entities\Lead\MergeLead.method.xml::Post Execute Steps::MergeLead_MoveActivities)
INFO  2012-06-05 19:54:08,407 - Installing item: MergeLead_MoveAttachments (\Entity Model\SalesLogix Application Entities\Lead\MergeLead.method.xml::Post Execute Steps::MergeLead_MoveAttachments)
INFO  2012-06-05 19:54:08,421 - Successfully installed MergeLead_MoveAttachments (\Entity Model\SalesLogix Application Entities\Lead\MergeLead.method.xml::Post Execute Steps::MergeLead_MoveAttachments)
INFO  2012-06-05 19:54:08,434 - Installing item: MergeLead_MoveHistory (\Entity Model\SalesLogix Application Entities\Lead\MergeLead.method.xml::Post Execute Steps::MergeLead_MoveHistory)
INFO  2012-06-05 19:54:08,447 - Successfully installed MergeLead_MoveHistory (\Entity Model\SalesLogix Application Entities\Lead\MergeLead.method.xml::Post Execute Steps::MergeLead_MoveHistory)
INFO  2012-06-05 19:54:08,463 - Installing item: MergeLead_MoveLeadQualification (\Entity Model\SalesLogix Application Entities\Lead\MergeLead.method.xml::Post Execute Steps::MergeLead_MoveLeadQualification)
INFO  2012-06-05 19:54:08,477 - Successfully installed MergeLead_MoveLeadQualification (\Entity Model\SalesLogix Application Entities\Lead\MergeLead.method.xml::Post Execute Steps::MergeLead_MoveLeadQualification)
INFO  2012-06-05 19:54:08,492 - Installing context item: Product (\Entity Model\SalesLogix Application Entities\Product\Product.PRODUCT.entity.xml)
INFO  2012-06-05 19:54:08,801 - Successfully installed Product (\Entity Model\SalesLogix Application Entities\Product\Product.PRODUCT.entity.xml)
INFO  2012-06-05 19:54:08,815 - Installing model item: ModifiedBy (\Entity Model\SalesLogix Application Entities\Product\ModifiedBy.filter.xml)
INFO  2012-06-05 19:54:10,023 - Successfully installed ModifiedBy (\Entity Model\SalesLogix Application Entities\Product\ModifiedBy.filter.xml)
INFO  2012-06-05 19:54:10,051 - Installing context item: Ticket (\Entity Model\SalesLogix Application Entities\Ticket\Ticket.TICKET.entity.xml)
INFO  2012-06-05 19:54:10,585 - Successfully installed Ticket (\Entity Model\SalesLogix Application Entities\Ticket\Ticket.TICKET.entity.xml)
INFO  2012-06-05 19:54:10,613 - Installing model item: InsertTicket (\Entity Model\SalesLogix Application Entities\Ticket\QuickForms\InsertTicket.main.quickform.xml)
INFO  2012-06-05 19:54:11,069 - Successfully installed InsertTicket (\Entity Model\SalesLogix Application Entities\Ticket\QuickForms\InsertTicket.main.quickform.xml)
INFO  2012-06-05 19:54:11,098 - Installing model item: TicketDetails (\Entity Model\SalesLogix Application Entities\Ticket\QuickForms\TicketDetails.main.quickform.xml)
INFO  2012-06-05 19:54:11,139 - Successfully installed TicketDetails (\Entity Model\SalesLogix Application Entities\Ticket\QuickForms\TicketDetails.main.quickform.xml)
INFO  2012-06-05 19:54:11,159 - Installing context item: SalesOrder (\Entity Model\SalesLogix Application Entities\SalesOrder\SalesOrder.SALESORDER.entity.xml)
INFO  2012-06-05 19:54:11,482 - Successfully installed SalesOrder (\Entity Model\SalesLogix Application Entities\SalesOrder\SalesOrder.SALESORDER.entity.xml)
INFO  2012-06-05 19:54:11,500 - Installing model item: SalesOrderDetails (\Entity Model\SalesLogix Application Entities\SalesOrder\QuickForms\SalesOrderDetails.main.quickform.xml)
INFO  2012-06-05 19:54:11,545 - Successfully installed SalesOrderDetails (\Entity Model\SalesLogix Application Entities\SalesOrder\QuickForms\SalesOrderDetails.main.quickform.xml)
INFO  2012-06-05 19:54:11,560 - Installing context item: Opportunity (\Entity Model\SalesLogix Application Entities\Opportunity\Opportunity.OPPORTUNITY.entity.xml)
INFO  2012-06-05 19:54:11,688 - Successfully installed Opportunity (\Entity Model\SalesLogix Application Entities\Opportunity\Opportunity.OPPORTUNITY.entity.xml)
INFO  2012-06-05 19:54:11,702 - Installing model item: EditSalesPotential (\Entity Model\SalesLogix Application Entities\Opportunity\QuickForms\EditSalesPotential.main.quickform.xml)
INFO  2012-06-05 19:54:11,747 - Successfully installed EditSalesPotential (\Entity Model\SalesLogix Application Entities\Opportunity\QuickForms\EditSalesPotential.main.quickform.xml)
INFO  2012-06-05 19:54:11,760 - Installing model item: OpportunityDetails (\Entity Model\SalesLogix Application Entities\Opportunity\QuickForms\OpportunityDetails.main.quickform.xml)
INFO  2012-06-05 19:54:11,790 - Successfully installed OpportunityDetails (\Entity Model\SalesLogix Application Entities\Opportunity\QuickForms\OpportunityDetails.main.quickform.xml)
INFO  2012-06-05 19:54:11,815 - Installing model item: OpportunityProducts (\Entity Model\SalesLogix Application Entities\Opportunity\QuickForms\OpportunityProducts.main.quickform.xml)
INFO  2012-06-05 19:54:11,869 - Successfully installed OpportunityProducts (\Entity Model\SalesLogix Application Entities\Opportunity\QuickForms\OpportunityProducts.main.quickform.xml)
INFO  2012-06-05 19:54:11,904 - Installing context item: Account (\Entity Model\SalesLogix Application Entities\Account\Account.ACCOUNT.entity.xml)
INFO  2012-06-05 19:54:12,312 - Successfully installed Account (\Entity Model\SalesLogix Application Entities\Account\Account.ACCOUNT.entity.xml)
INFO  2012-06-05 19:54:12,327 - Installing model item: AccountContacts (\Entity Model\SalesLogix Application Entities\Account\QuickForms\AccountContacts.main.quickform.xml)
INFO  2012-06-05 19:54:12,354 - Successfully installed AccountContacts (\Entity Model\SalesLogix Application Entities\Account\QuickForms\AccountContacts.main.quickform.xml)
INFO  2012-06-05 19:54:12,384 - Installing model item: AccountDetails (\Entity Model\SalesLogix Application Entities\Account\QuickForms\AccountDetails.main.quickform.xml)
INFO  2012-06-05 19:54:12,416 - Successfully installed AccountDetails (\Entity Model\SalesLogix Application Entities\Account\QuickForms\AccountDetails.main.quickform.xml)
INFO  2012-06-05 19:54:12,435 - Installing model item: ICAccountExtendedDetails (\Entity Model\SalesLogix Application Entities\Account\QuickForms\ICAccountExtendedDetails.main.quickform.xml)
INFO  2012-06-05 19:54:12,485 - Successfully installed ICAccountExtendedDetails (\Entity Model\SalesLogix Application Entities\Account\QuickForms\ICAccountExtendedDetails.main.quickform.xml)
INFO  2012-06-05 19:54:12,511 - Installing model item: InsertAccount (\Entity Model\SalesLogix Application Entities\Account\QuickForms\InsertAccount.main.quickform.xml)
INFO  2012-06-05 19:54:12,556 - Successfully installed InsertAccount (\Entity Model\SalesLogix Application Entities\Account\QuickForms\InsertAccount.main.quickform.xml)
INFO  2012-06-05 19:54:12,579 - Installing context item: Web Reporting Portal (\Portal\slxwebrpt\slxwebrpt.portal.xml)
INFO  2012-06-05 19:54:13,074 - Successfully installed Web Reporting Portal (\Portal\slxwebrpt\slxwebrpt.portal.xml)
INFO  2012-06-05 19:54:13,088 - Installing context item: SalesLogix Lead Capture (\Portal\SlxLeadCapture\SlxLeadCapture.portal.xml)
INFO  2012-06-05 19:54:13,819 - Successfully installed SalesLogix Lead Capture (\Portal\SlxLeadCapture\SlxLeadCapture.portal.xml)
INFO  2012-06-05 19:54:13,834 - Installing context item: Intellisync For SalesLogix (\Portal\SlxIntellisync\SlxIntellisync.portal.xml)
INFO  2012-06-05 19:54:14,283 - Successfully installed Intellisync For SalesLogix (\Portal\SlxIntellisync\SlxIntellisync.portal.xml)
INFO  2012-06-05 19:54:14,302 - Installing context item: Sage SalesLogix Customer Portal (\Portal\SLXCustomerPortal\SLXCustomerPortal.portal.xml)
INFO  2012-06-05 19:54:16,197 - Successfully installed Sage SalesLogix Customer Portal (\Portal\SLXCustomerPortal\SLXCustomerPortal.portal.xml)
INFO  2012-06-05 19:54:16,213 - Installing context item: Sage SalesLogix (\Portal\SlxClient\SlxClient.portal.xml)
INFO  2012-06-05 19:54:20,918 - Successfully installed Sage SalesLogix (\Portal\SlxClient\SlxClient.portal.xml)
INFO  2012-06-05 19:54:20,945 - Installing context item: SData Integration Host (\Portal\sdata\sdata.portal.xml)
INFO  2012-06-05 19:54:21,903 - Successfully installed SData Integration Host (\Portal\sdata\sdata.portal.xml)
INFO  2012-06-05 19:54:21,924 - Installing context item: Process Host Portal (\Portal\ProcessHost\ProcessHost.portal.xml)
INFO  2012-06-05 19:54:22,866 - Successfully installed Process Host Portal (\Portal\ProcessHost\ProcessHost.portal.xml)
INFO  2012-06-05 19:54:22,883 - Configuring installed items.
INFO  2012-06-05 19:54:22,900 - Configuring Web Reporting Portal...
INFO  2012-06-05 19:54:22,920 - Configuring SalesLogix Lead Capture...
INFO  2012-06-05 19:54:22,940 - Configuring Intellisync For SalesLogix...
INFO  2012-06-05 19:54:22,956 - Configuring Sage SalesLogix Customer Portal...
INFO  2012-06-05 19:54:22,974 - Configuring Sage SalesLogix...
INFO  2012-06-05 19:54:22,994 - Configuring SData Integration Host...
INFO  2012-06-05 19:54:23,013 - Configuring Process Host Portal...
INFO  2012-06-05 19:54:23,028 - Performing pre-commit to target project.
INFO  2012-06-05 19:54:23,696 - Committing items to target project...
INFO  2012-06-05 19:54:26,863 - Committing transactions...
INFO  2012-06-05 19:54:27,699 - Copying bundle manifest to project.
INFO  2012-06-05 19:54:31,640 - Install complete.
