8/19/2015 10:26:54 PM
INFO  2015-08-19 15:26:44,682 - Installing bundle...
INFO  2015-08-19 15:26:44,690 - Performing pre-install.
INFO  2015-08-19 15:26:44,696 - Installing context item: USERWHSE Table (\Actions\Schema\CreateTable\USERWHSE.xml)
INFO  2015-08-19 15:26:44,702 - Successfully installed USERWHSE Table (\Actions\Schema\CreateTable\USERWHSE.xml)
INFO  2015-08-19 15:26:44,704 - Installing action: CreateField USERWHSE.ISDEFAULTRETURN (\Actions\Schema\CreateField\USERWHSE.ISDEFAULTRETURN.xml)
INFO  2015-08-19 15:26:45,531 - Successfully installed CreateField USERWHSE.ISDEFAULTRETURN (\Actions\Schema\CreateField\USERWHSE.ISDEFAULTRETURN.xml)
INFO  2015-08-19 15:26:45,538 - Saving context item: USERWHSE Table (\Actions\Schema\CreateTable\USERWHSE.xml)
INFO  2015-08-19 15:26:45,541 - Successfully saved USERWHSE Table (\Actions\Schema\CreateTable\USERWHSE.xml)
INFO  2015-08-19 15:26:45,545 - Saving action: CreateField USERWHSE.ISDEFAULTRETURN (\Actions\Schema\CreateField\USERWHSE.ISDEFAULTRETURN.xml)
INFO  2015-08-19 15:26:45,548 - Successfully saved CreateField USERWHSE.ISDEFAULTRETURN (\Actions\Schema\CreateField\USERWHSE.ISDEFAULTRETURN.xml)
INFO  2015-08-19 15:26:45,553 - Installing context item: Saleslogix Application Entities (\Entity Model\Saleslogix Application Entities\SalesLogix Application Entities.T.package.xml)
INFO  2015-08-19 15:26:45,561 - Successfully installed Saleslogix Application Entities (\Entity Model\Saleslogix Application Entities\SalesLogix Application Entities.T.package.xml)
INFO  2015-08-19 15:26:45,565 - Installing model item: USERWHSE (\Entity Model\Saleslogix Application Entities\USERWHSE\USERWHSE.USERWHSE.entity.xml)
INFO  2015-08-19 15:26:46,169 - Successfully installed USERWHSE (\Entity Model\Saleslogix Application Entities\USERWHSE\USERWHSE.USERWHSE.entity.xml)
INFO  2015-08-19 15:26:46,173 - Installing model item: AddEditUserWareHouse (\Entity Model\Saleslogix Application Entities\USERWHSE\QuickForms\AddEditUserWareHouse.main.quickform.xml)
INFO  2015-08-19 15:26:46,306 - Successfully installed AddEditUserWareHouse (\Entity Model\Saleslogix Application Entities\USERWHSE\QuickForms\AddEditUserWareHouse.main.quickform.xml)
INFO  2015-08-19 15:26:46,311 - Installing context item: Saleslogix Security Support (\Entity Model\Saleslogix Security Support\SalesLogix Security Support.T.package.xml)
INFO  2015-08-19 15:26:46,315 - Successfully installed Saleslogix Security Support (\Entity Model\Saleslogix Security Support\SalesLogix Security Support.T.package.xml)
INFO  2015-08-19 15:26:46,319 - Installing context item: User (\Entity Model\Saleslogix Security Support\User\User.USERSECURITY.entity.xml)
INFO  2015-08-19 15:26:46,323 - Successfully installed User (\Entity Model\Saleslogix Security Support\User\User.USERSECURITY.entity.xml)
INFO  2015-08-19 15:26:46,328 - Installing model item: UserWareHouses (\Entity Model\Saleslogix Security Support\User\QuickForms\UserWareHouses.main.quickform.xml)
INFO  2015-08-19 15:26:46,339 - Successfully installed UserWareHouses (\Entity Model\Saleslogix Security Support\User\QuickForms\UserWareHouses.main.quickform.xml)
INFO  2015-08-19 15:26:46,344 - Saving context item: Saleslogix Application Entities (\Entity Model\Saleslogix Application Entities\SalesLogix Application Entities.T.package.xml)
INFO  2015-08-19 15:26:46,350 - Successfully saved Saleslogix Application Entities (\Entity Model\Saleslogix Application Entities\SalesLogix Application Entities.T.package.xml)
INFO  2015-08-19 15:26:46,354 - Saving model item: USERWHSE (\Entity Model\Saleslogix Application Entities\USERWHSE\USERWHSE.USERWHSE.entity.xml)
INFO  2015-08-19 15:26:53,657 - Successfully saved USERWHSE (\Entity Model\Saleslogix Application Entities\USERWHSE\USERWHSE.USERWHSE.entity.xml)
INFO  2015-08-19 15:26:53,662 - Saving model item: AddEditUserWareHouse (\Entity Model\Saleslogix Application Entities\USERWHSE\QuickForms\AddEditUserWareHouse.main.quickform.xml)
INFO  2015-08-19 15:26:53,667 - Successfully saved AddEditUserWareHouse (\Entity Model\Saleslogix Application Entities\USERWHSE\QuickForms\AddEditUserWareHouse.main.quickform.xml)
INFO  2015-08-19 15:26:53,672 - Saving context item: Saleslogix Security Support (\Entity Model\Saleslogix Security Support\SalesLogix Security Support.T.package.xml)
INFO  2015-08-19 15:26:53,677 - Successfully saved Saleslogix Security Support (\Entity Model\Saleslogix Security Support\SalesLogix Security Support.T.package.xml)
INFO  2015-08-19 15:26:53,681 - Saving context item: User (\Entity Model\Saleslogix Security Support\User\User.USERSECURITY.entity.xml)
INFO  2015-08-19 15:26:54,148 - Successfully saved User (\Entity Model\Saleslogix Security Support\User\User.USERSECURITY.entity.xml)
INFO  2015-08-19 15:26:54,154 - Saving model item: UserWareHouses (\Entity Model\Saleslogix Security Support\User\QuickForms\UserWareHouses.main.quickform.xml)
INFO  2015-08-19 15:26:54,159 - Successfully saved UserWareHouses (\Entity Model\Saleslogix Security Support\User\QuickForms\UserWareHouses.main.quickform.xml)
INFO  2015-08-19 15:26:54,166 - Configuring installed items.
INFO  2015-08-19 15:26:54,170 - Performing pre-commit to target project.
INFO  2015-08-19 15:26:54,471 - Committing items to target project...
INFO  2015-08-19 15:26:54,503 - Committing transactions...
INFO  2015-08-19 15:26:54,842 - Copying bundle manifest to project.
INFO  2015-08-19 15:26:57,473 - Install complete.
