6/6/2012 2:55:04 AM
INFO  2012-06-05 19:54:54,085 - Installing bundle...
INFO  2012-06-05 19:54:54,100 - Performing pre-install.
INFO  2012-06-05 19:54:54,116 - Installing context item: Web Reporting Portal (\Portal\slxwebrpt\slxwebrpt.portal.xml)
INFO  2012-06-05 19:54:54,435 - Successfully installed Web Reporting Portal (\Portal\slxwebrpt\slxwebrpt.portal.xml)
INFO  2012-06-05 19:54:54,452 - Installing context item: SalesLogix Lead Capture (\Portal\SlxLeadCapture\SlxLeadCapture.portal.xml)
INFO  2012-06-05 19:54:55,379 - Successfully installed SalesLogix Lead Capture (\Portal\SlxLeadCapture\SlxLeadCapture.portal.xml)
INFO  2012-06-05 19:54:55,388 - Installing context item: Intellisync For SalesLogix (\Portal\SlxIntellisync\SlxIntellisync.portal.xml)
INFO  2012-06-05 19:54:55,758 - Successfully installed Intellisync For SalesLogix (\Portal\SlxIntellisync\SlxIntellisync.portal.xml)
INFO  2012-06-05 19:54:55,769 - Installing context item: Sage SalesLogix Customer Portal (\Portal\SLXCustomerPortal\SLXCustomerPortal.portal.xml)
INFO  2012-06-05 19:54:56,259 - Successfully installed Sage SalesLogix Customer Portal (\Portal\SLXCustomerPortal\SLXCustomerPortal.portal.xml)
INFO  2012-06-05 19:54:56,274 - Installing context item: Sage SalesLogix (\Portal\SlxClient\SlxClient.portal.xml)
INFO  2012-06-05 19:54:59,318 - Successfully installed Sage SalesLogix (\Portal\SlxClient\SlxClient.portal.xml)
INFO  2012-06-05 19:54:59,337 - Installing context item: SData Integration Host (\Portal\sdata\sdata.portal.xml)
INFO  2012-06-05 19:54:59,692 - Successfully installed SData Integration Host (\Portal\sdata\sdata.portal.xml)
INFO  2012-06-05 19:54:59,716 - Installing context item: Process Host Portal (\Portal\ProcessHost\ProcessHost.portal.xml)
INFO  2012-06-05 19:55:00,030 - Successfully installed Process Host Portal (\Portal\ProcessHost\ProcessHost.portal.xml)
INFO  2012-06-05 19:55:00,044 - Installing context item: SalesLogix Contract Sync Entities (\Entity Model\SalesLogix Contract Sync Entities\SalesLogix Contract Sync Entities.T.package.xml)
INFO  2012-06-05 19:55:00,059 - Successfully installed SalesLogix Contract Sync Entities (\Entity Model\SalesLogix Contract Sync Entities\SalesLogix Contract Sync Entities.T.package.xml)
INFO  2012-06-05 19:55:00,071 - Installing context item: AppIdMapping (\Entity Model\SalesLogix Contract Sync Entities\AppIdMapping\AppIdMapping.APPIDMAPPING.entity.xml)
INFO  2012-06-05 19:55:00,332 - Successfully installed AppIdMapping (\Entity Model\SalesLogix Contract Sync Entities\AppIdMapping\AppIdMapping.APPIDMAPPING.entity.xml)
INFO  2012-06-05 19:55:00,344 - Installing model item: AccountingSystems (\Entity Model\SalesLogix Contract Sync Entities\AppIdMapping\QuickForms\AccountingSystems.main.quickform.xml)
INFO  2012-06-05 19:55:00,639 - Successfully installed AccountingSystems (\Entity Model\SalesLogix Contract Sync Entities\AppIdMapping\QuickForms\AccountingSystems.main.quickform.xml)
INFO  2012-06-05 19:55:00,655 - Installing context item: SalesLogix Application Entities (\Entity Model\SalesLogix Application Entities\SalesLogix Application Entities.T.package.xml)
INFO  2012-06-05 19:55:00,669 - Successfully installed SalesLogix Application Entities (\Entity Model\SalesLogix Application Entities\SalesLogix Application Entities.T.package.xml)
INFO  2012-06-05 19:55:00,681 - Installing context item: Account (\Entity Model\SalesLogix Application Entities\Account\Account.ACCOUNT.entity.xml)
INFO  2012-06-05 19:55:01,204 - Successfully installed Account (\Entity Model\SalesLogix Application Entities\Account\Account.ACCOUNT.entity.xml)
INFO  2012-06-05 19:55:01,220 - Installing model item: ICAccounting (\Entity Model\SalesLogix Application Entities\Account\QuickForms\ICAccounting.main.quickform.xml)
INFO  2012-06-05 19:55:01,246 - Successfully installed ICAccounting (\Entity Model\SalesLogix Application Entities\Account\QuickForms\ICAccounting.main.quickform.xml)
INFO  2012-06-05 19:55:01,264 - Configuring installed items.
INFO  2012-06-05 19:55:01,280 - Configuring Web Reporting Portal...
INFO  2012-06-05 19:55:01,296 - Configuring SalesLogix Lead Capture...
INFO  2012-06-05 19:55:01,311 - Configuring Intellisync For SalesLogix...
INFO  2012-06-05 19:55:01,333 - Configuring Sage SalesLogix Customer Portal...
INFO  2012-06-05 19:55:01,349 - Configuring Sage SalesLogix...
INFO  2012-06-05 19:55:01,364 - Configuring SData Integration Host...
INFO  2012-06-05 19:55:01,379 - Configuring Process Host Portal...
INFO  2012-06-05 19:55:01,393 - Performing pre-commit to target project.
INFO  2012-06-05 19:55:01,957 - Committing items to target project...
INFO  2012-06-05 19:55:03,355 - Committing transactions...
INFO  2012-06-05 19:55:04,450 - Copying bundle manifest to project.
INFO  2012-06-05 19:55:08,464 - Install complete.
