4/7/2014 10:08:53 PM
INFO  2014-04-07 15:08:47,016 - Installing bundle...
INFO  2014-04-07 15:08:47,078 - Performing pre-install.
INFO  2014-04-07 15:08:47,140 - Installing context item: Process Host (\Portal\ProcessHost\ProcessHost.cabsvc.ptl.xml)
INFO  2014-04-07 15:08:47,889 - Successfully installed Process Host (\Portal\ProcessHost\ProcessHost.cabsvc.ptl.xml)
INFO  2014-04-07 15:08:47,905 - Installing context item: SData Integration Host (\Portal\sdata\sdata.cabsvc.ptl.xml)
INFO  2014-04-07 15:08:48,482 - Successfully installed SData Integration Host (\Portal\sdata\sdata.cabsvc.ptl.xml)
INFO  2014-04-07 15:08:48,482 - Installing context item: Saleslogix Client (\Portal\SlxClient\SlxClient.cabapp.ptl.xml)
INFO  2014-04-07 15:08:50,604 - Successfully installed Saleslogix Client (\Portal\SlxClient\SlxClient.cabapp.ptl.xml)
INFO  2014-04-07 15:08:50,604 - Installing context item: Saleslogix Customer Portal (\Portal\SLXCustomerPortal\SLXCustomerPortal.cabapp.ptl.xml)
INFO  2014-04-07 15:08:52,226 - Successfully installed Saleslogix Customer Portal (\Portal\SLXCustomerPortal\SLXCustomerPortal.cabapp.ptl.xml)
INFO  2014-04-07 15:08:52,226 - Installing context item: Saleslogix Job Service (\Portal\SlxJobService\SlxJobService.cabsch.ptl.xml)
INFO  2014-04-07 15:08:52,710 - Successfully installed Saleslogix Job Service (\Portal\SlxJobService\SlxJobService.cabsch.ptl.xml)
INFO  2014-04-07 15:08:52,725 - Saving context item: Process Host (\Portal\ProcessHost\ProcessHost.cabsvc.ptl.xml)
INFO  2014-04-07 15:08:52,725 - Successfully saved Process Host (\Portal\ProcessHost\ProcessHost.cabsvc.ptl.xml)
INFO  2014-04-07 15:08:52,725 - Saving context item: SData Integration Host (\Portal\sdata\sdata.cabsvc.ptl.xml)
INFO  2014-04-07 15:08:52,725 - Successfully saved SData Integration Host (\Portal\sdata\sdata.cabsvc.ptl.xml)
INFO  2014-04-07 15:08:52,741 - Saving context item: Saleslogix Client (\Portal\SlxClient\SlxClient.cabapp.ptl.xml)
INFO  2014-04-07 15:08:52,741 - Successfully saved Saleslogix Client (\Portal\SlxClient\SlxClient.cabapp.ptl.xml)
INFO  2014-04-07 15:08:52,741 - Saving context item: Saleslogix Customer Portal (\Portal\SLXCustomerPortal\SLXCustomerPortal.cabapp.ptl.xml)
INFO  2014-04-07 15:08:52,756 - Successfully saved Saleslogix Customer Portal (\Portal\SLXCustomerPortal\SLXCustomerPortal.cabapp.ptl.xml)
INFO  2014-04-07 15:08:52,756 - Saving context item: Saleslogix Job Service (\Portal\SlxJobService\SlxJobService.cabsch.ptl.xml)
INFO  2014-04-07 15:08:52,756 - Successfully saved Saleslogix Job Service (\Portal\SlxJobService\SlxJobService.cabsch.ptl.xml)
INFO  2014-04-07 15:08:52,772 - Configuring installed items.
INFO  2014-04-07 15:08:52,788 - Configuring Process Host...
INFO  2014-04-07 15:08:52,803 - Configuring SData Integration Host...
INFO  2014-04-07 15:08:52,803 - Configuring Saleslogix Client...
INFO  2014-04-07 15:08:52,819 - Configuring Saleslogix Customer Portal...
INFO  2014-04-07 15:08:52,819 - Configuring Saleslogix Job Service...
INFO  2014-04-07 15:08:52,834 - Performing pre-commit to target project.
INFO  2014-04-07 15:08:53,022 - Committing items to target project...
INFO  2014-04-07 15:08:53,646 - Committing transactions...
INFO  2014-04-07 15:08:53,973 - Copying bundle manifest to project.
INFO  2014-04-07 15:08:57,249 - Install complete.
