4/17/2014 5:47:06 AM
INFO  2014-04-16 22:46:58,251 - Installing bundle...
INFO  2014-04-16 22:46:58,282 - Performing pre-install.
INFO  2014-04-16 22:46:58,297 - Installing context item: Service Portal Template (\Portal\PortalTemplates\ServicePortalTemplate\ServicePortalTemplate.portaltemplate.xml)
INFO  2014-04-16 22:46:58,297 - Successfully installed Service Portal Template (\Portal\PortalTemplates\ServicePortalTemplate\ServicePortalTemplate.portaltemplate.xml)
INFO  2014-04-16 22:46:58,313 - Installing context item: UI Portal Template (\Portal\PortalTemplates\UIPortalTemplate\UIPortalTemplate.portaltemplate.xml)
INFO  2014-04-16 22:46:58,313 - Successfully installed UI Portal Template (\Portal\PortalTemplates\UIPortalTemplate\UIPortalTemplate.portaltemplate.xml)
INFO  2014-04-16 22:46:58,313 - Installing context item: Process Host (\Portal\ProcessHost\ProcessHost.cabsvc.ptl.xml)
INFO  2014-04-16 22:46:59,280 - Successfully installed Process Host (\Portal\ProcessHost\ProcessHost.cabsvc.ptl.xml)
INFO  2014-04-16 22:46:59,280 - Installing context item: SData Integration Host (\Portal\sdata\sdata.cabsvc.ptl.xml)
INFO  2014-04-16 22:46:59,889 - Successfully installed SData Integration Host (\Portal\sdata\sdata.cabsvc.ptl.xml)
INFO  2014-04-16 22:46:59,889 - Installing context item: Saleslogix Client (\Portal\SlxClient\SlxClient.cabapp.ptl.xml)
INFO  2014-04-16 22:47:02,431 - Successfully installed Saleslogix Client (\Portal\SlxClient\SlxClient.cabapp.ptl.xml)
INFO  2014-04-16 22:47:02,447 - Installing context item: Saleslogix Customer Portal (\Portal\SLXCustomerPortal\SLXCustomerPortal.cabapp.ptl.xml)
INFO  2014-04-16 22:47:04,366 - Successfully installed Saleslogix Customer Portal (\Portal\SLXCustomerPortal\SLXCustomerPortal.cabapp.ptl.xml)
INFO  2014-04-16 22:47:04,366 - Installing context item: Saleslogix Job Service (\Portal\SlxJobService\SlxJobService.cabsch.ptl.xml)
INFO  2014-04-16 22:47:04,834 - Successfully installed Saleslogix Job Service (\Portal\SlxJobService\SlxJobService.cabsch.ptl.xml)
INFO  2014-04-16 22:47:04,834 - Saving context item: Service Portal Template (\Portal\PortalTemplates\ServicePortalTemplate\ServicePortalTemplate.portaltemplate.xml)
INFO  2014-04-16 22:47:04,834 - Successfully saved Service Portal Template (\Portal\PortalTemplates\ServicePortalTemplate\ServicePortalTemplate.portaltemplate.xml)
INFO  2014-04-16 22:47:04,849 - Saving context item: UI Portal Template (\Portal\PortalTemplates\UIPortalTemplate\UIPortalTemplate.portaltemplate.xml)
INFO  2014-04-16 22:47:04,849 - Successfully saved UI Portal Template (\Portal\PortalTemplates\UIPortalTemplate\UIPortalTemplate.portaltemplate.xml)
INFO  2014-04-16 22:47:04,849 - Saving context item: Process Host (\Portal\ProcessHost\ProcessHost.cabsvc.ptl.xml)
INFO  2014-04-16 22:47:04,865 - Successfully saved Process Host (\Portal\ProcessHost\ProcessHost.cabsvc.ptl.xml)
INFO  2014-04-16 22:47:04,865 - Saving context item: SData Integration Host (\Portal\sdata\sdata.cabsvc.ptl.xml)
INFO  2014-04-16 22:47:04,865 - Successfully saved SData Integration Host (\Portal\sdata\sdata.cabsvc.ptl.xml)
INFO  2014-04-16 22:47:04,881 - Saving context item: Saleslogix Client (\Portal\SlxClient\SlxClient.cabapp.ptl.xml)
INFO  2014-04-16 22:47:04,881 - Successfully saved Saleslogix Client (\Portal\SlxClient\SlxClient.cabapp.ptl.xml)
INFO  2014-04-16 22:47:04,896 - Saving context item: Saleslogix Customer Portal (\Portal\SLXCustomerPortal\SLXCustomerPortal.cabapp.ptl.xml)
INFO  2014-04-16 22:47:04,896 - Successfully saved Saleslogix Customer Portal (\Portal\SLXCustomerPortal\SLXCustomerPortal.cabapp.ptl.xml)
INFO  2014-04-16 22:47:04,912 - Saving context item: Saleslogix Job Service (\Portal\SlxJobService\SlxJobService.cabsch.ptl.xml)
INFO  2014-04-16 22:47:04,912 - Successfully saved Saleslogix Job Service (\Portal\SlxJobService\SlxJobService.cabsch.ptl.xml)
INFO  2014-04-16 22:47:04,927 - Configuring installed items.
INFO  2014-04-16 22:47:04,927 - Configuring Service Portal Template...
INFO  2014-04-16 22:47:05,005 - Configuring UI Portal Template...
INFO  2014-04-16 22:47:05,021 - Configuring Process Host...
INFO  2014-04-16 22:47:05,037 - Configuring SData Integration Host...
INFO  2014-04-16 22:47:05,052 - Configuring Saleslogix Client...
INFO  2014-04-16 22:47:05,052 - Configuring Saleslogix Customer Portal...
INFO  2014-04-16 22:47:05,068 - Configuring Saleslogix Job Service...
INFO  2014-04-16 22:47:05,068 - Performing pre-commit to target project.
INFO  2014-04-16 22:47:05,271 - Committing items to target project...
INFO  2014-04-16 22:47:05,973 - Committing transactions...
INFO  2014-04-16 22:47:06,316 - Copying bundle manifest to project.
INFO  2014-04-16 22:47:09,436 - Install complete.
