1/3/2014 8:10:48 PM
INFO  2014-01-03 13:10:00,631 - Installing bundle...
INFO  2014-01-03 13:10:00,689 - Performing pre-install.
INFO  2014-01-03 13:10:00,711 - Installing context item: Saleslogix Contract Sync Entities (\Entity Model\Saleslogix Contract Sync Entities\SalesLogix Contract Sync Entities.T.package.xml)
INFO  2014-01-03 13:10:00,733 - Successfully installed Saleslogix Contract Sync Entities (\Entity Model\Saleslogix Contract Sync Entities\SalesLogix Contract Sync Entities.T.package.xml)
INFO  2014-01-03 13:10:00,755 - Installing model item: ContactSyncView (\Entity Model\Saleslogix Contract Sync Entities\ContactSyncView\ContactSyncView.CONTACTSYNCVIEW.entity.xml)
INFO  2014-01-03 13:10:02,913 - Successfully installed ContactSyncView (\Entity Model\Saleslogix Contract Sync Entities\ContactSyncView\ContactSyncView.CONTACTSYNCVIEW.entity.xml)
INFO  2014-01-03 13:10:03,127 - Installing context item: AppIdMapping (\Entity Model\Saleslogix Contract Sync Entities\AppIdMapping\AppIdMapping.APPIDMAPPING.entity.xml)
INFO  2014-01-03 13:10:03,163 - Successfully installed AppIdMapping (\Entity Model\Saleslogix Contract Sync Entities\AppIdMapping\AppIdMapping.APPIDMAPPING.entity.xml)
INFO  2014-01-03 13:10:03,184 - Installing model item: AddEditLink (\Entity Model\Saleslogix Contract Sync Entities\AppIdMapping\QuickForms\AddEditLink.main.quickform.xml)
INFO  2014-01-03 13:10:03,304 - Successfully installed AddEditLink (\Entity Model\Saleslogix Contract Sync Entities\AppIdMapping\QuickForms\AddEditLink.main.quickform.xml)
INFO  2014-01-03 13:10:03,333 - Installing model item: Integrations (\Entity Model\Saleslogix Contract Sync Entities\AppIdMapping\QuickForms\Integrations.main.quickform.xml)
INFO  2014-01-03 13:10:03,361 - Successfully installed Integrations (\Entity Model\Saleslogix Contract Sync Entities\AppIdMapping\QuickForms\Integrations.main.quickform.xml)
INFO  2014-01-03 13:10:03,383 - Installing context item: SyncJob (\Entity Model\Saleslogix Contract Sync Entities\SyncJob\SyncJob.SYNCJOB.entity.xml)
INFO  2014-01-03 13:10:03,406 - Successfully installed SyncJob (\Entity Model\Saleslogix Contract Sync Entities\SyncJob\SyncJob.SYNCJOB.entity.xml)
INFO  2014-01-03 13:10:03,505 - Installing model item: SyncHistory (\Entity Model\Saleslogix Contract Sync Entities\SyncJob\QuickForms\SyncHistory.main.quickform.xml)
INFO  2014-01-03 13:10:03,560 - Successfully installed SyncHistory (\Entity Model\Saleslogix Contract Sync Entities\SyncJob\QuickForms\SyncHistory.main.quickform.xml)
INFO  2014-01-03 13:10:03,583 - Installing context item: Saleslogix Application Entities (\Entity Model\Saleslogix Application Entities\SalesLogix Application Entities.T.package.xml)
INFO  2014-01-03 13:10:03,608 - Successfully installed Saleslogix Application Entities (\Entity Model\Saleslogix Application Entities\SalesLogix Application Entities.T.package.xml)
INFO  2014-01-03 13:10:03,632 - Installing context item: Campaign (\Entity Model\Saleslogix Application Entities\Campaign\Campaign.CAMPAIGN.entity.xml)
INFO  2014-01-03 13:10:03,663 - Successfully installed Campaign (\Entity Model\Saleslogix Application Entities\Campaign\Campaign.CAMPAIGN.entity.xml)
INFO  2014-01-03 13:10:03,690 - Installing model item: CampaignBudgetResults (\Entity Model\Saleslogix Application Entities\Campaign\QuickForms\CampaignBudgetResults.main.quickform.xml)
INFO  2014-01-03 13:10:04,006 - Successfully installed CampaignBudgetResults (\Entity Model\Saleslogix Application Entities\Campaign\QuickForms\CampaignBudgetResults.main.quickform.xml)
INFO  2014-01-03 13:10:04,031 - Installing context item: Contact (\Entity Model\Saleslogix Application Entities\Contact\Contact.CONTACT.entity.xml)
INFO  2014-01-03 13:10:04,072 - Successfully installed Contact (\Entity Model\Saleslogix Application Entities\Contact\Contact.CONTACT.entity.xml)
INFO  2014-01-03 13:10:04,097 - Installing model item: ContactDetails (\Entity Model\Saleslogix Application Entities\Contact\QuickForms\ContactDetails.main.quickform.xml)
INFO  2014-01-03 13:10:04,130 - Successfully installed ContactDetails (\Entity Model\Saleslogix Application Entities\Contact\QuickForms\ContactDetails.main.quickform.xml)
INFO  2014-01-03 13:10:04,163 - Installing model item: ContactOpportunities (\Entity Model\Saleslogix Application Entities\Contact\QuickForms\ContactOpportunities.main.quickform.xml)
INFO  2014-01-03 13:10:04,193 - Successfully installed ContactOpportunities (\Entity Model\Saleslogix Application Entities\Contact\QuickForms\ContactOpportunities.main.quickform.xml)
INFO  2014-01-03 13:10:04,226 - Installing context item: Integration (\Entity Model\Saleslogix Application Entities\Integration\Integration.INTEGRATION.entity.xml)
INFO  2014-01-03 13:10:04,250 - Successfully installed Integration (\Entity Model\Saleslogix Application Entities\Integration\Integration.INTEGRATION.entity.xml)
INFO  2014-01-03 13:10:04,274 - Installing model item: IntegrationDetail (\Entity Model\Saleslogix Application Entities\Integration\QuickForms\IntegrationDetail.main.quickform.xml)
INFO  2014-01-03 13:10:04,308 - Successfully installed IntegrationDetail (\Entity Model\Saleslogix Application Entities\Integration\QuickForms\IntegrationDetail.main.quickform.xml)
INFO  2014-01-03 13:10:04,333 - Installing model item: IntegrationResources (\Entity Model\Saleslogix Application Entities\Integration\QuickForms\IntegrationResources.main.quickform.xml)
INFO  2014-01-03 13:10:04,363 - Successfully installed IntegrationResources (\Entity Model\Saleslogix Application Entities\Integration\QuickForms\IntegrationResources.main.quickform.xml)
INFO  2014-01-03 13:10:04,388 - Installing model item: IntegrationUsers (\Entity Model\Saleslogix Application Entities\Integration\QuickForms\IntegrationUsers.main.quickform.xml)
INFO  2014-01-03 13:10:04,435 - Successfully installed IntegrationUsers (\Entity Model\Saleslogix Application Entities\Integration\QuickForms\IntegrationUsers.main.quickform.xml)
INFO  2014-01-03 13:10:04,762 - Installing context item: SalesOrder (\Entity Model\Saleslogix Application Entities\SalesOrder\SalesOrder.SALESORDER.entity.xml)
INFO  2014-01-03 13:10:04,789 - Successfully installed SalesOrder (\Entity Model\Saleslogix Application Entities\SalesOrder\SalesOrder.SALESORDER.entity.xml)
INFO  2014-01-03 13:10:04,814 - Installing model item: BillToShipTo (\Entity Model\Saleslogix Application Entities\SalesOrder\QuickForms\BillToShipTo.main.quickform.xml)
INFO  2014-01-03 13:10:04,861 - Successfully installed BillToShipTo (\Entity Model\Saleslogix Application Entities\SalesOrder\QuickForms\BillToShipTo.main.quickform.xml)
INFO  2014-01-03 13:10:05,126 - Installing model item: InsertSalesOrder (\Entity Model\Saleslogix Application Entities\SalesOrder\QuickForms\InsertSalesOrder.main.quickform.xml)
INFO  2014-01-03 13:10:05,166 - Successfully installed InsertSalesOrder (\Entity Model\Saleslogix Application Entities\SalesOrder\QuickForms\InsertSalesOrder.main.quickform.xml)
INFO  2014-01-03 13:10:05,192 - Installing model item: SalesOrderDetails (\Entity Model\Saleslogix Application Entities\SalesOrder\QuickForms\SalesOrderDetails.main.quickform.xml)
INFO  2014-01-03 13:10:05,233 - Successfully installed SalesOrderDetails (\Entity Model\Saleslogix Application Entities\SalesOrder\QuickForms\SalesOrderDetails.main.quickform.xml)
INFO  2014-01-03 13:10:05,507 - Installing model item: SalesOrderProducts (\Entity Model\Saleslogix Application Entities\SalesOrder\QuickForms\SalesOrderProducts.main.quickform.xml)
INFO  2014-01-03 13:10:05,545 - Successfully installed SalesOrderProducts (\Entity Model\Saleslogix Application Entities\SalesOrder\QuickForms\SalesOrderProducts.main.quickform.xml)
INFO  2014-01-03 13:10:05,571 - Installing context item: Ticket (\Entity Model\Saleslogix Application Entities\Ticket\Ticket.TICKET.entity.xml)
INFO  2014-01-03 13:10:05,596 - Successfully installed Ticket (\Entity Model\Saleslogix Application Entities\Ticket\Ticket.TICKET.entity.xml)
INFO  2014-01-03 13:10:05,869 - Installing model item: TicketDetails (\Entity Model\Saleslogix Application Entities\Ticket\QuickForms\TicketDetails.main.quickform.xml)
INFO  2014-01-03 13:10:05,904 - Successfully installed TicketDetails (\Entity Model\Saleslogix Application Entities\Ticket\QuickForms\TicketDetails.main.quickform.xml)
INFO  2014-01-03 13:10:05,929 - Installing context item: Saleslogix Security Support (\Entity Model\Saleslogix Security Support\SalesLogix Security Support.T.package.xml)
INFO  2014-01-03 13:10:05,955 - Successfully installed Saleslogix Security Support (\Entity Model\Saleslogix Security Support\SalesLogix Security Support.T.package.xml)
INFO  2014-01-03 13:10:06,228 - Installing context item: Department (\Entity Model\Saleslogix Security Support\Department\Department.DEPARTMENTVIEW.entity.xml)
INFO  2014-01-03 13:10:06,253 - Successfully installed Department (\Entity Model\Saleslogix Security Support\Department\Department.DEPARTMENTVIEW.entity.xml)
INFO  2014-01-03 13:10:06,281 - Installing model item: DepartmentMembers (\Entity Model\Saleslogix Security Support\Department\QuickForms\DepartmentMembers.main.quickform.xml)
INFO  2014-01-03 13:10:06,316 - Successfully installed DepartmentMembers (\Entity Model\Saleslogix Security Support\Department\QuickForms\DepartmentMembers.main.quickform.xml)
INFO  2014-01-03 13:10:06,587 - Installing context item: Team (\Entity Model\Saleslogix Security Support\Team\Team.TEAMVIEW.entity.xml)
INFO  2014-01-03 13:10:06,613 - Successfully installed Team (\Entity Model\Saleslogix Security Support\Team\Team.TEAMVIEW.entity.xml)
INFO  2014-01-03 13:10:06,639 - Installing model item: TeamMembers (\Entity Model\Saleslogix Security Support\Team\QuickForms\TeamMembers.main.quickform.xml)
INFO  2014-01-03 13:10:06,676 - Successfully installed TeamMembers (\Entity Model\Saleslogix Security Support\Team\QuickForms\TeamMembers.main.quickform.xml)
INFO  2014-01-03 13:10:06,961 - Installing model item: Sync History.Owner M:1 Owner (\Entity Model\Relationships\SyncResult.Owner.26d4a89661f740e7adb6de8614ee45c0.relationship.xml)
INFO  2014-01-03 13:10:06,991 - Successfully installed Sync History.Owner M:1 Owner (\Entity Model\Relationships\SyncResult.Owner.26d4a89661f740e7adb6de8614ee45c0.relationship.xml)
INFO  2014-01-03 13:10:07,016 - Installing model item: ASP.NET Portal Template (\Portal\PortalTemplates\AspNetPortalTemplate\AspNetPortalTemplate.portaltemplate.xml)
INFO  2014-01-03 13:10:07,270 - Successfully installed ASP.NET Portal Template (\Portal\PortalTemplates\AspNetPortalTemplate\AspNetPortalTemplate.portaltemplate.xml)
INFO  2014-01-03 13:10:07,550 - Installing context item: Process Host (\Portal\ProcessHost\ProcessHost.cabsvc.ptl.xml)
INFO  2014-01-03 13:10:07,581 - Successfully installed Process Host (\Portal\ProcessHost\ProcessHost.cabsvc.ptl.xml)
INFO  2014-01-03 13:10:07,612 - Installing context item: SData Integration Host (\Portal\sdata\sdata.cabsvc.ptl.xml)
INFO  2014-01-03 13:10:07,651 - Successfully installed SData Integration Host (\Portal\sdata\sdata.cabsvc.ptl.xml)
INFO  2014-01-03 13:10:07,925 - Installing model item: Saleslogix Client (\Portal\SlxClient\SlxClient.cabapp.ptl.xml)
INFO  2014-01-03 13:10:09,299 - Successfully installed Saleslogix Client (\Portal\SlxClient\SlxClient.cabapp.ptl.xml)
INFO  2014-01-03 13:10:09,323 - Installing context item: Activities (\Portal\SlxClient\ChildPages\ActivityManager\ActivityManager.page.xml)
INFO  2014-01-03 13:10:09,349 - Successfully installed Activities (\Portal\SlxClient\ChildPages\ActivityManager\ActivityManager.page.xml)
INFO  2014-01-03 13:10:09,374 - Installing model item: SDataListViewer (Custom) (\Portal\SlxClient\ChildPages\ActivityManager\SmartParts\SDataListViewer.smartpart.xml)
INFO  2014-01-03 13:10:09,698 - Successfully installed SDataListViewer (Custom) (\Portal\SlxClient\ChildPages\ActivityManager\SmartParts\SDataListViewer.smartpart.xml)
INFO  2014-01-03 13:10:09,724 - Installing context item: Campaign Detail (\Portal\SlxClient\ChildPages\Campaign\Campaign.page.xml)
INFO  2014-01-03 13:10:09,751 - Successfully installed Campaign Detail (\Portal\SlxClient\ChildPages\Campaign\Campaign.page.xml)
INFO  2014-01-03 13:10:09,776 - Installing model item: LiveGroupViewer (Custom) (\Portal\SlxClient\ChildPages\Campaign\SmartParts\LiveGroupViewer.smartpart.xml)
INFO  2014-01-03 13:10:10,151 - Successfully installed LiveGroupViewer (Custom) (\Portal\SlxClient\ChildPages\Campaign\SmartParts\LiveGroupViewer.smartpart.xml)
INFO  2014-01-03 13:10:10,248 - Installing context item: Competitor Detail (\Portal\SlxClient\ChildPages\Competitor\Competitor.page.xml)
INFO  2014-01-03 13:10:10,274 - Successfully installed Competitor Detail (\Portal\SlxClient\ChildPages\Competitor\Competitor.page.xml)
INFO  2014-01-03 13:10:10,300 - Installing model item: LiveGroupViewer (Custom) (\Portal\SlxClient\ChildPages\Competitor\SmartParts\LiveGroupViewer.smartpart.xml)
INFO  2014-01-03 13:10:10,587 - Successfully installed LiveGroupViewer (Custom) (\Portal\SlxClient\ChildPages\Competitor\SmartParts\LiveGroupViewer.smartpart.xml)
INFO  2014-01-03 13:10:10,613 - Installing context item: Contact Detail (\Portal\SlxClient\ChildPages\Contact\Contact.page.xml)
INFO  2014-01-03 13:10:10,639 - Successfully installed Contact Detail (\Portal\SlxClient\ChildPages\Contact\Contact.page.xml)
INFO  2014-01-03 13:10:10,664 - Installing model item: SyncResultsHistory (Custom) (\Portal\SlxClient\ChildPages\Contact\SmartParts\SyncResultsHistory.smartpart.xml)
INFO  2014-01-03 13:10:10,947 - Successfully installed SyncResultsHistory (Custom) (\Portal\SlxClient\ChildPages\Contact\SmartParts\SyncResultsHistory.smartpart.xml)
INFO  2014-01-03 13:10:10,973 - Installing context item: Contract Detail (\Portal\SlxClient\ChildPages\Contract\Contract.page.xml)
INFO  2014-01-03 13:10:10,999 - Successfully installed Contract Detail (\Portal\SlxClient\ChildPages\Contract\Contract.page.xml)
INFO  2014-01-03 13:10:11,026 - Installing model item: LiveGroupViewer (Custom) (\Portal\SlxClient\ChildPages\Contract\SmartParts\LiveGroupViewer.smartpart.xml)
INFO  2014-01-03 13:10:11,305 - Successfully installed LiveGroupViewer (Custom) (\Portal\SlxClient\ChildPages\Contract\SmartParts\LiveGroupViewer.smartpart.xml)
INFO  2014-01-03 13:10:11,331 - Installing context item: Duplicate Manager (\Portal\SlxClient\ChildPages\DeDupJob\DeDupJob.page.xml)
INFO  2014-01-03 13:10:11,357 - Successfully installed Duplicate Manager (\Portal\SlxClient\ChildPages\DeDupJob\DeDupJob.page.xml)
INFO  2014-01-03 13:10:11,382 - Installing model item: LiveGroupViewer (Custom) (\Portal\SlxClient\ChildPages\DeDupJob\SmartParts\LiveGroupViewer.smartpart.xml)
INFO  2014-01-03 13:10:11,680 - Successfully installed LiveGroupViewer (Custom) (\Portal\SlxClient\ChildPages\DeDupJob\SmartParts\LiveGroupViewer.smartpart.xml)
INFO  2014-01-03 13:10:11,706 - Installing context item: Defect Detail (\Portal\SlxClient\ChildPages\Defect\Defect.page.xml)
INFO  2014-01-03 13:10:11,732 - Successfully installed Defect Detail (\Portal\SlxClient\ChildPages\Defect\Defect.page.xml)
INFO  2014-01-03 13:10:11,757 - Installing model item: LiveGroupViewer (Custom) (\Portal\SlxClient\ChildPages\Defect\SmartParts\LiveGroupViewer.smartpart.xml)
INFO  2014-01-03 13:10:12,038 - Successfully installed LiveGroupViewer (Custom) (\Portal\SlxClient\ChildPages\Defect\SmartParts\LiveGroupViewer.smartpart.xml)
INFO  2014-01-03 13:10:12,064 - Installing context item: Defect Activity Rate (\Portal\SlxClient\ChildPages\DefectActivityRate\DefectActivityRate.page.xml)
INFO  2014-01-03 13:10:12,090 - Successfully installed Defect Activity Rate (\Portal\SlxClient\ChildPages\DefectActivityRate\DefectActivityRate.page.xml)
INFO  2014-01-03 13:10:12,114 - Installing model item: LiveGroupViewer (Custom) (\Portal\SlxClient\ChildPages\DefectActivityRate\SmartParts\LiveGroupViewer.smartpart.xml)
INFO  2014-01-03 13:10:12,388 - Successfully installed LiveGroupViewer (Custom) (\Portal\SlxClient\ChildPages\DefectActivityRate\SmartParts\LiveGroupViewer.smartpart.xml)
INFO  2014-01-03 13:10:12,414 - Installing context item: Lead Detail (\Portal\SlxClient\ChildPages\Lead\Lead.page.xml)
INFO  2014-01-03 13:10:12,443 - Successfully installed Lead Detail (\Portal\SlxClient\ChildPages\Lead\Lead.page.xml)
INFO  2014-01-03 13:10:12,468 - Installing model item: LiveGroupViewer (Custom) (\Portal\SlxClient\ChildPages\Lead\SmartParts\LiveGroupViewer.smartpart.xml)
INFO  2014-01-03 13:10:12,755 - Successfully installed LiveGroupViewer (Custom) (\Portal\SlxClient\ChildPages\Lead\SmartParts\LiveGroupViewer.smartpart.xml)
INFO  2014-01-03 13:10:12,781 - Installing context item: Lead Source Detail (\Portal\SlxClient\ChildPages\LeadSource\LeadSource.page.xml)
INFO  2014-01-03 13:10:12,807 - Successfully installed Lead Source Detail (\Portal\SlxClient\ChildPages\LeadSource\LeadSource.page.xml)
INFO  2014-01-03 13:10:12,832 - Installing model item: LiveGroupViewer (Custom) (\Portal\SlxClient\ChildPages\LeadSource\SmartParts\LiveGroupViewer.smartpart.xml)
INFO  2014-01-03 13:10:13,104 - Successfully installed LiveGroupViewer (Custom) (\Portal\SlxClient\ChildPages\LeadSource\SmartParts\LiveGroupViewer.smartpart.xml)
INFO  2014-01-03 13:10:13,130 - Installing context item: Literature Item (\Portal\SlxClient\ChildPages\LiteratureItem\LiteratureItem.page.xml)
INFO  2014-01-03 13:10:13,157 - Successfully installed Literature Item (\Portal\SlxClient\ChildPages\LiteratureItem\LiteratureItem.page.xml)
INFO  2014-01-03 13:10:13,182 - Installing model item: LiveGroupViewer (Custom) (\Portal\SlxClient\ChildPages\LiteratureItem\SmartParts\LiveGroupViewer.smartpart.xml)
INFO  2014-01-03 13:10:13,474 - Successfully installed LiveGroupViewer (Custom) (\Portal\SlxClient\ChildPages\LiteratureItem\SmartParts\LiveGroupViewer.smartpart.xml)
INFO  2014-01-03 13:10:13,508 - Installing context item: Literature Request Manager (\Portal\SlxClient\ChildPages\LitRequest\LitRequest.page.xml)
INFO  2014-01-03 13:10:13,535 - Successfully installed Literature Request Manager (\Portal\SlxClient\ChildPages\LitRequest\LitRequest.page.xml)
INFO  2014-01-03 13:10:13,561 - Installing model item: LiveGroupViewer (Custom) (\Portal\SlxClient\ChildPages\LitRequest\SmartParts\LiveGroupViewer.smartpart.xml)
INFO  2014-01-03 13:10:13,838 - Successfully installed LiveGroupViewer (Custom) (\Portal\SlxClient\ChildPages\LitRequest\SmartParts\LiveGroupViewer.smartpart.xml)
INFO  2014-01-03 13:10:13,864 - Installing context item: Package Detail (\Portal\SlxClient\ChildPages\Package\Package.page.xml)
INFO  2014-01-03 13:10:13,891 - Successfully installed Package Detail (\Portal\SlxClient\ChildPages\Package\Package.page.xml)
INFO  2014-01-03 13:10:13,916 - Installing model item: LiveGroupViewer (Custom) (\Portal\SlxClient\ChildPages\Package\SmartParts\LiveGroupViewer.smartpart.xml)
INFO  2014-01-03 13:10:14,207 - Successfully installed LiveGroupViewer (Custom) (\Portal\SlxClient\ChildPages\Package\SmartParts\LiveGroupViewer.smartpart.xml)
INFO  2014-01-03 13:10:14,241 - Installing context item: Pick Lists (\Portal\SlxClient\ChildPages\PickListView\PickListView.page.xml)
INFO  2014-01-03 13:10:14,268 - Successfully installed Pick Lists (\Portal\SlxClient\ChildPages\PickListView\PickListView.page.xml)
INFO  2014-01-03 13:10:14,293 - Installing model item: LiveGroupViewer (Custom) (\Portal\SlxClient\ChildPages\PickListView\SmartParts\LiveGroupViewer.smartpart.xml)
INFO  2014-01-03 13:10:14,580 - Successfully installed LiveGroupViewer (Custom) (\Portal\SlxClient\ChildPages\PickListView\SmartParts\LiveGroupViewer.smartpart.xml)
INFO  2014-01-03 13:10:14,605 - Installing context item: Product Detail (\Portal\SlxClient\ChildPages\Product\Product.page.xml)
INFO  2014-01-03 13:10:14,632 - Successfully installed Product Detail (\Portal\SlxClient\ChildPages\Product\Product.page.xml)
INFO  2014-01-03 13:10:14,657 - Installing model item: LiveGroupViewer (Custom) (\Portal\SlxClient\ChildPages\Product\SmartParts\LiveGroupViewer.smartpart.xml)
INFO  2014-01-03 13:10:14,940 - Successfully installed LiveGroupViewer (Custom) (\Portal\SlxClient\ChildPages\Product\SmartParts\LiveGroupViewer.smartpart.xml)
INFO  2014-01-03 13:10:14,965 - Installing context item: Qualification (\Portal\SlxClient\ChildPages\QualificationCategory\QualificationCategory.page.xml)
INFO  2014-01-03 13:10:14,992 - Successfully installed Qualification (\Portal\SlxClient\ChildPages\QualificationCategory\QualificationCategory.page.xml)
INFO  2014-01-03 13:10:15,017 - Installing model item: LiveGroupViewer (Custom) (\Portal\SlxClient\ChildPages\QualificationCategory\SmartParts\LiveGroupViewer.smartpart.xml)
INFO  2014-01-03 13:10:15,293 - Successfully installed LiveGroupViewer (Custom) (\Portal\SlxClient\ChildPages\QualificationCategory\SmartParts\LiveGroupViewer.smartpart.xml)
INFO  2014-01-03 13:10:15,319 - Installing context item: Resource (\Portal\SlxClient\ChildPages\ResourceList\ResourceList.page.xml)
INFO  2014-01-03 13:10:15,345 - Successfully installed Resource (\Portal\SlxClient\ChildPages\ResourceList\ResourceList.page.xml)
INFO  2014-01-03 13:10:15,369 - Installing model item: LiveGroupViewer (Custom) (\Portal\SlxClient\ChildPages\ResourceList\SmartParts\LiveGroupViewer.smartpart.xml)
INFO  2014-01-03 13:10:15,665 - Successfully installed LiveGroupViewer (Custom) (\Portal\SlxClient\ChildPages\ResourceList\SmartParts\LiveGroupViewer.smartpart.xml)
INFO  2014-01-03 13:10:15,694 - Installing context item: Return Detail (\Portal\SlxClient\ChildPages\Return\Return.page.xml)
INFO  2014-01-03 13:10:15,721 - Successfully installed Return Detail (\Portal\SlxClient\ChildPages\Return\Return.page.xml)
INFO  2014-01-03 13:10:15,747 - Installing model item: LiveGroupViewer (Custom) (\Portal\SlxClient\ChildPages\Return\SmartParts\LiveGroupViewer.smartpart.xml)
INFO  2014-01-03 13:10:16,026 - Successfully installed LiveGroupViewer (Custom) (\Portal\SlxClient\ChildPages\Return\SmartParts\LiveGroupViewer.smartpart.xml)
INFO  2014-01-03 13:10:16,052 - Installing context item: Role Detail (\Portal\SlxClient\ChildPages\Role\Role.page.xml)
INFO  2014-01-03 13:10:16,078 - Successfully installed Role Detail (\Portal\SlxClient\ChildPages\Role\Role.page.xml)
INFO  2014-01-03 13:10:16,102 - Installing model item: LiveGroupViewer (Custom) (\Portal\SlxClient\ChildPages\Role\SmartParts\LiveGroupViewer.smartpart.xml)
INFO  2014-01-03 13:10:16,384 - Successfully installed LiveGroupViewer (Custom) (\Portal\SlxClient\ChildPages\Role\SmartParts\LiveGroupViewer.smartpart.xml)
INFO  2014-01-03 13:10:16,408 - Installing context item: Secured Actions (\Portal\SlxClient\ChildPages\SecuredAction\SecuredAction.page.xml)
INFO  2014-01-03 13:10:16,434 - Successfully installed Secured Actions (\Portal\SlxClient\ChildPages\SecuredAction\SecuredAction.page.xml)
INFO  2014-01-03 13:10:16,459 - Installing model item: LiveGroupViewer (Custom) (\Portal\SlxClient\ChildPages\SecuredAction\SmartParts\LiveGroupViewer.smartpart.xml)
INFO  2014-01-03 13:10:16,743 - Successfully installed LiveGroupViewer (Custom) (\Portal\SlxClient\ChildPages\SecuredAction\SmartParts\LiveGroupViewer.smartpart.xml)
INFO  2014-01-03 13:10:16,769 - Installing context item: Security Manager (\Portal\SlxClient\ChildPages\SecurityManager\SecurityManager.page.xml)
INFO  2014-01-03 13:10:16,795 - Successfully installed Security Manager (\Portal\SlxClient\ChildPages\SecurityManager\SecurityManager.page.xml)
INFO  2014-01-03 13:10:16,818 - Installing model item: SDataListViewer (Custom) (\Portal\SlxClient\ChildPages\SecurityManager\SmartParts\SDataListViewer.smartpart.xml)
INFO  2014-01-03 13:10:17,102 - Successfully installed SDataListViewer (Custom) (\Portal\SlxClient\ChildPages\SecurityManager\SmartParts\SDataListViewer.smartpart.xml)
INFO  2014-01-03 13:10:17,128 - Installing context item: Sync Job (\Portal\SlxClient\ChildPages\SyncJob\SyncJob.page.xml)
INFO  2014-01-03 13:10:17,154 - Successfully installed Sync Job (\Portal\SlxClient\ChildPages\SyncJob\SyncJob.page.xml)
INFO  2014-01-03 13:10:17,179 - Installing model item: LiveGroupViewer (Custom) (\Portal\SlxClient\ChildPages\SyncJob\SmartParts\LiveGroupViewer.smartpart.xml)
INFO  2014-01-03 13:10:17,463 - Successfully installed LiveGroupViewer (Custom) (\Portal\SlxClient\ChildPages\SyncJob\SmartParts\LiveGroupViewer.smartpart.xml)
INFO  2014-01-03 13:10:17,502 - Installing context item: Sync History (\Portal\SlxClient\ChildPages\SyncResult\SyncResult.page.xml)
INFO  2014-01-03 13:10:17,529 - Successfully installed Sync History (\Portal\SlxClient\ChildPages\SyncResult\SyncResult.page.xml)
INFO  2014-01-03 13:10:17,553 - Installing model item: LiveGroupViewer (Custom) (\Portal\SlxClient\ChildPages\SyncResult\SmartParts\LiveGroupViewer.smartpart.xml)
INFO  2014-01-03 13:10:17,836 - Successfully installed LiveGroupViewer (Custom) (\Portal\SlxClient\ChildPages\SyncResult\SmartParts\LiveGroupViewer.smartpart.xml)
INFO  2014-01-03 13:10:17,861 - Installing context item: Ticket Activity Rate (\Portal\SlxClient\ChildPages\TicketActivityRate\TicketActivityRate.page.xml)
INFO  2014-01-03 13:10:17,887 - Successfully installed Ticket Activity Rate (\Portal\SlxClient\ChildPages\TicketActivityRate\TicketActivityRate.page.xml)
INFO  2014-01-03 13:10:17,911 - Installing model item: LiveGroupViewer (Custom) (\Portal\SlxClient\ChildPages\TicketActivityRate\SmartParts\LiveGroupViewer.smartpart.xml)
INFO  2014-01-03 13:10:18,195 - Successfully installed LiveGroupViewer (Custom) (\Portal\SlxClient\ChildPages\TicketActivityRate\SmartParts\LiveGroupViewer.smartpart.xml)
INFO  2014-01-03 13:10:18,235 - Installing context item: Ticket Area / Owner (\Portal\SlxClient\ChildPages\TicketAreaOwner\TicketAreaOwner.page.xml)
INFO  2014-01-03 13:10:18,260 - Successfully installed Ticket Area / Owner (\Portal\SlxClient\ChildPages\TicketAreaOwner\TicketAreaOwner.page.xml)
INFO  2014-01-03 13:10:18,284 - Installing model item: LiveGroupViewer (Custom) (\Portal\SlxClient\ChildPages\TicketAreaOwner\SmartParts\LiveGroupViewer.smartpart.xml)
INFO  2014-01-03 13:10:18,569 - Successfully installed LiveGroupViewer (Custom) (\Portal\SlxClient\ChildPages\TicketAreaOwner\SmartParts\LiveGroupViewer.smartpart.xml)
INFO  2014-01-03 13:10:18,594 - Installing context item: Standard Resolution (\Portal\SlxClient\ChildPages\TicketSolutionType\TicketSolutionType.page.xml)
INFO  2014-01-03 13:10:18,621 - Successfully installed Standard Resolution (\Portal\SlxClient\ChildPages\TicketSolutionType\TicketSolutionType.page.xml)
INFO  2014-01-03 13:10:18,646 - Installing model item: LiveGroupViewer (Custom) (\Portal\SlxClient\ChildPages\TicketSolutionType\SmartParts\LiveGroupViewer.smartpart.xml)
INFO  2014-01-03 13:10:18,928 - Successfully installed LiveGroupViewer (Custom) (\Portal\SlxClient\ChildPages\TicketSolutionType\SmartParts\LiveGroupViewer.smartpart.xml)
INFO  2014-01-03 13:10:18,954 - Installing context item: User Detail (\Portal\SlxClient\ChildPages\User\User.page.xml)
INFO  2014-01-03 13:10:18,979 - Successfully installed User Detail (\Portal\SlxClient\ChildPages\User\User.page.xml)
INFO  2014-01-03 13:10:19,004 - Installing model item: LiveGroupViewer (Custom) (\Portal\SlxClient\ChildPages\User\SmartParts\LiveGroupViewer.smartpart.xml)
INFO  2014-01-03 13:10:19,286 - Successfully installed LiveGroupViewer (Custom) (\Portal\SlxClient\ChildPages\User\SmartParts\LiveGroupViewer.smartpart.xml)
INFO  2014-01-03 13:10:19,314 - Installing model item: Saleslogix Customer Portal (\Portal\SLXCustomerPortal\SLXCustomerPortal.cabapp.ptl.xml)
INFO  2014-01-03 13:10:20,389 - Successfully installed Saleslogix Customer Portal (\Portal\SLXCustomerPortal\SLXCustomerPortal.cabapp.ptl.xml)
INFO  2014-01-03 13:10:20,416 - Installing model item: Saleslogix Customer Portal (\Portal\SLXCustomerPortal\ChildPages\Default\Default.page.xml)
INFO  2014-01-03 13:10:20,449 - Successfully installed Saleslogix Customer Portal (\Portal\SLXCustomerPortal\ChildPages\Default\Default.page.xml)
INFO  2014-01-03 13:10:20,476 - Installing model item: Saleslogix Job Service (\Portal\SlxJobService\SlxJobService.cabsch.ptl.xml)
INFO  2014-01-03 13:10:20,779 - Successfully installed Saleslogix Job Service (\Portal\SlxJobService\SlxJobService.cabsch.ptl.xml)
INFO  2014-01-03 13:10:20,804 - Installing model item: Saleslogix Mobile Client (\Portal\SlxMobile\SlxMobile.mobapp.ptl.xml)
INFO  2014-01-03 13:10:20,840 - Successfully installed Saleslogix Mobile Client (\Portal\SlxMobile\SlxMobile.mobapp.ptl.xml)
INFO  2014-01-03 13:10:20,865 - Saving context item: Saleslogix Contract Sync Entities (\Entity Model\Saleslogix Contract Sync Entities\SalesLogix Contract Sync Entities.T.package.xml)
INFO  2014-01-03 13:10:21,136 - Successfully saved Saleslogix Contract Sync Entities (\Entity Model\Saleslogix Contract Sync Entities\SalesLogix Contract Sync Entities.T.package.xml)
INFO  2014-01-03 13:10:21,162 - Saving model item: ContactSyncView (\Entity Model\Saleslogix Contract Sync Entities\ContactSyncView\ContactSyncView.CONTACTSYNCVIEW.entity.xml)
INFO  2014-01-03 13:10:23,003 - Successfully saved ContactSyncView (\Entity Model\Saleslogix Contract Sync Entities\ContactSyncView\ContactSyncView.CONTACTSYNCVIEW.entity.xml)
INFO  2014-01-03 13:10:23,276 - Saving context item: AppIdMapping (\Entity Model\Saleslogix Contract Sync Entities\AppIdMapping\AppIdMapping.APPIDMAPPING.entity.xml)
INFO  2014-01-03 13:10:23,365 - Successfully saved AppIdMapping (\Entity Model\Saleslogix Contract Sync Entities\AppIdMapping\AppIdMapping.APPIDMAPPING.entity.xml)
INFO  2014-01-03 13:10:23,391 - Saving model item: AddEditLink (\Entity Model\Saleslogix Contract Sync Entities\AppIdMapping\QuickForms\AddEditLink.main.quickform.xml)
INFO  2014-01-03 13:10:23,419 - Successfully saved AddEditLink (\Entity Model\Saleslogix Contract Sync Entities\AppIdMapping\QuickForms\AddEditLink.main.quickform.xml)
INFO  2014-01-03 13:10:23,444 - Saving model item: Integrations (\Entity Model\Saleslogix Contract Sync Entities\AppIdMapping\QuickForms\Integrations.main.quickform.xml)
INFO  2014-01-03 13:10:23,758 - Successfully saved Integrations (\Entity Model\Saleslogix Contract Sync Entities\AppIdMapping\QuickForms\Integrations.main.quickform.xml)
INFO  2014-01-03 13:10:23,788 - Saving context item: SyncJob (\Entity Model\Saleslogix Contract Sync Entities\SyncJob\SyncJob.SYNCJOB.entity.xml)
INFO  2014-01-03 13:10:23,902 - Successfully saved SyncJob (\Entity Model\Saleslogix Contract Sync Entities\SyncJob\SyncJob.SYNCJOB.entity.xml)
INFO  2014-01-03 13:10:23,939 - Saving model item: SyncHistory (\Entity Model\Saleslogix Contract Sync Entities\SyncJob\QuickForms\SyncHistory.main.quickform.xml)
INFO  2014-01-03 13:10:24,225 - Successfully saved SyncHistory (\Entity Model\Saleslogix Contract Sync Entities\SyncJob\QuickForms\SyncHistory.main.quickform.xml)
INFO  2014-01-03 13:10:24,253 - Saving context item: Saleslogix Application Entities (\Entity Model\Saleslogix Application Entities\SalesLogix Application Entities.T.package.xml)
INFO  2014-01-03 13:10:24,279 - Successfully saved Saleslogix Application Entities (\Entity Model\Saleslogix Application Entities\SalesLogix Application Entities.T.package.xml)
INFO  2014-01-03 13:10:24,306 - Saving context item: Campaign (\Entity Model\Saleslogix Application Entities\Campaign\Campaign.CAMPAIGN.entity.xml)
INFO  2014-01-03 13:10:24,661 - Successfully saved Campaign (\Entity Model\Saleslogix Application Entities\Campaign\Campaign.CAMPAIGN.entity.xml)
INFO  2014-01-03 13:10:24,694 - Saving model item: CampaignBudgetResults (\Entity Model\Saleslogix Application Entities\Campaign\QuickForms\CampaignBudgetResults.main.quickform.xml)
INFO  2014-01-03 13:10:24,720 - Successfully saved CampaignBudgetResults (\Entity Model\Saleslogix Application Entities\Campaign\QuickForms\CampaignBudgetResults.main.quickform.xml)
INFO  2014-01-03 13:10:24,748 - Saving context item: Contact (\Entity Model\Saleslogix Application Entities\Contact\Contact.CONTACT.entity.xml)
INFO  2014-01-03 13:10:25,128 - Successfully saved Contact (\Entity Model\Saleslogix Application Entities\Contact\Contact.CONTACT.entity.xml)
INFO  2014-01-03 13:10:25,154 - Saving model item: ContactDetails (\Entity Model\Saleslogix Application Entities\Contact\QuickForms\ContactDetails.main.quickform.xml)
INFO  2014-01-03 13:10:25,180 - Successfully saved ContactDetails (\Entity Model\Saleslogix Application Entities\Contact\QuickForms\ContactDetails.main.quickform.xml)
INFO  2014-01-03 13:10:25,207 - Saving model item: ContactOpportunities (\Entity Model\Saleslogix Application Entities\Contact\QuickForms\ContactOpportunities.main.quickform.xml)
INFO  2014-01-03 13:10:25,490 - Successfully saved ContactOpportunities (\Entity Model\Saleslogix Application Entities\Contact\QuickForms\ContactOpportunities.main.quickform.xml)
INFO  2014-01-03 13:10:25,516 - Saving context item: Integration (\Entity Model\Saleslogix Application Entities\Integration\Integration.INTEGRATION.entity.xml)
INFO  2014-01-03 13:10:25,597 - Successfully saved Integration (\Entity Model\Saleslogix Application Entities\Integration\Integration.INTEGRATION.entity.xml)
INFO  2014-01-03 13:10:25,621 - Saving model item: IntegrationDetail (\Entity Model\Saleslogix Application Entities\Integration\QuickForms\IntegrationDetail.main.quickform.xml)
INFO  2014-01-03 13:10:25,912 - Successfully saved IntegrationDetail (\Entity Model\Saleslogix Application Entities\Integration\QuickForms\IntegrationDetail.main.quickform.xml)
INFO  2014-01-03 13:10:25,939 - Saving model item: IntegrationResources (\Entity Model\Saleslogix Application Entities\Integration\QuickForms\IntegrationResources.main.quickform.xml)
INFO  2014-01-03 13:10:25,965 - Successfully saved IntegrationResources (\Entity Model\Saleslogix Application Entities\Integration\QuickForms\IntegrationResources.main.quickform.xml)
INFO  2014-01-03 13:10:25,991 - Saving model item: IntegrationUsers (\Entity Model\Saleslogix Application Entities\Integration\QuickForms\IntegrationUsers.main.quickform.xml)
INFO  2014-01-03 13:10:26,270 - Successfully saved IntegrationUsers (\Entity Model\Saleslogix Application Entities\Integration\QuickForms\IntegrationUsers.main.quickform.xml)
INFO  2014-01-03 13:10:26,297 - Saving context item: SalesOrder (\Entity Model\Saleslogix Application Entities\SalesOrder\SalesOrder.SALESORDER.entity.xml)
INFO  2014-01-03 13:10:26,471 - Successfully saved SalesOrder (\Entity Model\Saleslogix Application Entities\SalesOrder\SalesOrder.SALESORDER.entity.xml)
INFO  2014-01-03 13:10:26,497 - Saving model item: BillToShipTo (\Entity Model\Saleslogix Application Entities\SalesOrder\QuickForms\BillToShipTo.main.quickform.xml)
INFO  2014-01-03 13:10:26,785 - Successfully saved BillToShipTo (\Entity Model\Saleslogix Application Entities\SalesOrder\QuickForms\BillToShipTo.main.quickform.xml)
INFO  2014-01-03 13:10:26,812 - Saving model item: InsertSalesOrder (\Entity Model\Saleslogix Application Entities\SalesOrder\QuickForms\InsertSalesOrder.main.quickform.xml)
INFO  2014-01-03 13:10:26,838 - Successfully saved InsertSalesOrder (\Entity Model\Saleslogix Application Entities\SalesOrder\QuickForms\InsertSalesOrder.main.quickform.xml)
INFO  2014-01-03 13:10:26,863 - Saving model item: SalesOrderDetails (\Entity Model\Saleslogix Application Entities\SalesOrder\QuickForms\SalesOrderDetails.main.quickform.xml)
INFO  2014-01-03 13:10:27,143 - Successfully saved SalesOrderDetails (\Entity Model\Saleslogix Application Entities\SalesOrder\QuickForms\SalesOrderDetails.main.quickform.xml)
INFO  2014-01-03 13:10:27,170 - Saving model item: SalesOrderProducts (\Entity Model\Saleslogix Application Entities\SalesOrder\QuickForms\SalesOrderProducts.main.quickform.xml)
INFO  2014-01-03 13:10:27,197 - Successfully saved SalesOrderProducts (\Entity Model\Saleslogix Application Entities\SalesOrder\QuickForms\SalesOrderProducts.main.quickform.xml)
INFO  2014-01-03 13:10:27,224 - Saving context item: Ticket (\Entity Model\Saleslogix Application Entities\Ticket\Ticket.TICKET.entity.xml)
INFO  2014-01-03 13:10:27,713 - Successfully saved Ticket (\Entity Model\Saleslogix Application Entities\Ticket\Ticket.TICKET.entity.xml)
INFO  2014-01-03 13:10:27,740 - Saving model item: TicketDetails (\Entity Model\Saleslogix Application Entities\Ticket\QuickForms\TicketDetails.main.quickform.xml)
INFO  2014-01-03 13:10:27,767 - Successfully saved TicketDetails (\Entity Model\Saleslogix Application Entities\Ticket\QuickForms\TicketDetails.main.quickform.xml)
INFO  2014-01-03 13:10:27,792 - Saving context item: Saleslogix Security Support (\Entity Model\Saleslogix Security Support\SalesLogix Security Support.T.package.xml)
INFO  2014-01-03 13:10:28,063 - Successfully saved Saleslogix Security Support (\Entity Model\Saleslogix Security Support\SalesLogix Security Support.T.package.xml)
INFO  2014-01-03 13:10:28,090 - Saving context item: Department (\Entity Model\Saleslogix Security Support\Department\Department.DEPARTMENTVIEW.entity.xml)
INFO  2014-01-03 13:10:28,184 - Successfully saved Department (\Entity Model\Saleslogix Security Support\Department\Department.DEPARTMENTVIEW.entity.xml)
INFO  2014-01-03 13:10:28,209 - Saving model item: DepartmentMembers (\Entity Model\Saleslogix Security Support\Department\QuickForms\DepartmentMembers.main.quickform.xml)
INFO  2014-01-03 13:10:28,501 - Successfully saved DepartmentMembers (\Entity Model\Saleslogix Security Support\Department\QuickForms\DepartmentMembers.main.quickform.xml)
INFO  2014-01-03 13:10:28,529 - Saving context item: Team (\Entity Model\Saleslogix Security Support\Team\Team.TEAMVIEW.entity.xml)
INFO  2014-01-03 13:10:28,621 - Successfully saved Team (\Entity Model\Saleslogix Security Support\Team\Team.TEAMVIEW.entity.xml)
INFO  2014-01-03 13:10:28,646 - Saving model item: TeamMembers (\Entity Model\Saleslogix Security Support\Team\QuickForms\TeamMembers.main.quickform.xml)
INFO  2014-01-03 13:10:28,922 - Successfully saved TeamMembers (\Entity Model\Saleslogix Security Support\Team\QuickForms\TeamMembers.main.quickform.xml)
INFO  2014-01-03 13:10:28,950 - Saving model item: Sync History.Owner M:1 Owner (\Entity Model\Relationships\SyncResult.Owner.26d4a89661f740e7adb6de8614ee45c0.relationship.xml)
INFO  2014-01-03 13:10:28,976 - Successfully saved Sync History.Owner M:1 Owner (\Entity Model\Relationships\SyncResult.Owner.26d4a89661f740e7adb6de8614ee45c0.relationship.xml)
INFO  2014-01-03 13:10:29,001 - Saving model item: ASP.NET Portal Template (\Portal\PortalTemplates\AspNetPortalTemplate\AspNetPortalTemplate.portaltemplate.xml)
INFO  2014-01-03 13:10:29,281 - Successfully saved ASP.NET Portal Template (\Portal\PortalTemplates\AspNetPortalTemplate\AspNetPortalTemplate.portaltemplate.xml)
INFO  2014-01-03 13:10:29,307 - Saving context item: Process Host (\Portal\ProcessHost\ProcessHost.cabsvc.ptl.xml)
INFO  2014-01-03 13:10:29,333 - Successfully saved Process Host (\Portal\ProcessHost\ProcessHost.cabsvc.ptl.xml)
INFO  2014-01-03 13:10:29,358 - Saving context item: SData Integration Host (\Portal\sdata\sdata.cabsvc.ptl.xml)
INFO  2014-01-03 13:10:29,640 - Successfully saved SData Integration Host (\Portal\sdata\sdata.cabsvc.ptl.xml)
INFO  2014-01-03 13:10:29,666 - Saving model item: Saleslogix Client (\Portal\SlxClient\SlxClient.cabapp.ptl.xml)
INFO  2014-01-03 13:10:29,692 - Successfully saved Saleslogix Client (\Portal\SlxClient\SlxClient.cabapp.ptl.xml)
INFO  2014-01-03 13:10:29,719 - Saving context item: Activities (\Portal\SlxClient\ChildPages\ActivityManager\ActivityManager.page.xml)
INFO  2014-01-03 13:10:29,998 - Successfully saved Activities (\Portal\SlxClient\ChildPages\ActivityManager\ActivityManager.page.xml)
INFO  2014-01-03 13:10:30,025 - Saving model item: SDataListViewer (Custom) (\Portal\SlxClient\ChildPages\ActivityManager\SmartParts\SDataListViewer.smartpart.xml)
INFO  2014-01-03 13:10:30,053 - Successfully saved SDataListViewer (Custom) (\Portal\SlxClient\ChildPages\ActivityManager\SmartParts\SDataListViewer.smartpart.xml)
INFO  2014-01-03 13:10:30,078 - Saving context item: Campaign Detail (\Portal\SlxClient\ChildPages\Campaign\Campaign.page.xml)
INFO  2014-01-03 13:10:30,356 - Successfully saved Campaign Detail (\Portal\SlxClient\ChildPages\Campaign\Campaign.page.xml)
INFO  2014-01-03 13:10:30,383 - Saving model item: LiveGroupViewer (Custom) (\Portal\SlxClient\ChildPages\Campaign\SmartParts\LiveGroupViewer.smartpart.xml)
INFO  2014-01-03 13:10:30,411 - Successfully saved LiveGroupViewer (Custom) (\Portal\SlxClient\ChildPages\Campaign\SmartParts\LiveGroupViewer.smartpart.xml)
INFO  2014-01-03 13:10:30,437 - Saving context item: Competitor Detail (\Portal\SlxClient\ChildPages\Competitor\Competitor.page.xml)
INFO  2014-01-03 13:10:30,716 - Successfully saved Competitor Detail (\Portal\SlxClient\ChildPages\Competitor\Competitor.page.xml)
INFO  2014-01-03 13:10:30,744 - Saving model item: LiveGroupViewer (Custom) (\Portal\SlxClient\ChildPages\Competitor\SmartParts\LiveGroupViewer.smartpart.xml)
INFO  2014-01-03 13:10:30,771 - Successfully saved LiveGroupViewer (Custom) (\Portal\SlxClient\ChildPages\Competitor\SmartParts\LiveGroupViewer.smartpart.xml)
INFO  2014-01-03 13:10:30,797 - Saving context item: Contact Detail (\Portal\SlxClient\ChildPages\Contact\Contact.page.xml)
INFO  2014-01-03 13:10:31,075 - Successfully saved Contact Detail (\Portal\SlxClient\ChildPages\Contact\Contact.page.xml)
INFO  2014-01-03 13:10:31,101 - Saving model item: SyncResultsHistory (Custom) (\Portal\SlxClient\ChildPages\Contact\SmartParts\SyncResultsHistory.smartpart.xml)
INFO  2014-01-03 13:10:31,128 - Successfully saved SyncResultsHistory (Custom) (\Portal\SlxClient\ChildPages\Contact\SmartParts\SyncResultsHistory.smartpart.xml)
INFO  2014-01-03 13:10:31,153 - Saving context item: Contract Detail (\Portal\SlxClient\ChildPages\Contract\Contract.page.xml)
INFO  2014-01-03 13:10:31,433 - Successfully saved Contract Detail (\Portal\SlxClient\ChildPages\Contract\Contract.page.xml)
INFO  2014-01-03 13:10:31,460 - Saving model item: LiveGroupViewer (Custom) (\Portal\SlxClient\ChildPages\Contract\SmartParts\LiveGroupViewer.smartpart.xml)
INFO  2014-01-03 13:10:31,485 - Successfully saved LiveGroupViewer (Custom) (\Portal\SlxClient\ChildPages\Contract\SmartParts\LiveGroupViewer.smartpart.xml)
INFO  2014-01-03 13:10:31,513 - Saving context item: Duplicate Manager (\Portal\SlxClient\ChildPages\DeDupJob\DeDupJob.page.xml)
INFO  2014-01-03 13:10:31,791 - Successfully saved Duplicate Manager (\Portal\SlxClient\ChildPages\DeDupJob\DeDupJob.page.xml)
INFO  2014-01-03 13:10:31,819 - Saving model item: LiveGroupViewer (Custom) (\Portal\SlxClient\ChildPages\DeDupJob\SmartParts\LiveGroupViewer.smartpart.xml)
INFO  2014-01-03 13:10:31,846 - Successfully saved LiveGroupViewer (Custom) (\Portal\SlxClient\ChildPages\DeDupJob\SmartParts\LiveGroupViewer.smartpart.xml)
INFO  2014-01-03 13:10:31,871 - Saving context item: Defect Detail (\Portal\SlxClient\ChildPages\Defect\Defect.page.xml)
INFO  2014-01-03 13:10:32,151 - Successfully saved Defect Detail (\Portal\SlxClient\ChildPages\Defect\Defect.page.xml)
INFO  2014-01-03 13:10:32,179 - Saving model item: LiveGroupViewer (Custom) (\Portal\SlxClient\ChildPages\Defect\SmartParts\LiveGroupViewer.smartpart.xml)
INFO  2014-01-03 13:10:32,207 - Successfully saved LiveGroupViewer (Custom) (\Portal\SlxClient\ChildPages\Defect\SmartParts\LiveGroupViewer.smartpart.xml)
INFO  2014-01-03 13:10:32,233 - Saving context item: Defect Activity Rate (\Portal\SlxClient\ChildPages\DefectActivityRate\DefectActivityRate.page.xml)
INFO  2014-01-03 13:10:32,526 - Successfully saved Defect Activity Rate (\Portal\SlxClient\ChildPages\DefectActivityRate\DefectActivityRate.page.xml)
INFO  2014-01-03 13:10:32,553 - Saving model item: LiveGroupViewer (Custom) (\Portal\SlxClient\ChildPages\DefectActivityRate\SmartParts\LiveGroupViewer.smartpart.xml)
INFO  2014-01-03 13:10:32,580 - Successfully saved LiveGroupViewer (Custom) (\Portal\SlxClient\ChildPages\DefectActivityRate\SmartParts\LiveGroupViewer.smartpart.xml)
INFO  2014-01-03 13:10:32,605 - Saving context item: Lead Detail (\Portal\SlxClient\ChildPages\Lead\Lead.page.xml)
INFO  2014-01-03 13:10:32,884 - Successfully saved Lead Detail (\Portal\SlxClient\ChildPages\Lead\Lead.page.xml)
INFO  2014-01-03 13:10:32,910 - Saving model item: LiveGroupViewer (Custom) (\Portal\SlxClient\ChildPages\Lead\SmartParts\LiveGroupViewer.smartpart.xml)
INFO  2014-01-03 13:10:32,937 - Successfully saved LiveGroupViewer (Custom) (\Portal\SlxClient\ChildPages\Lead\SmartParts\LiveGroupViewer.smartpart.xml)
INFO  2014-01-03 13:10:32,962 - Saving context item: Lead Source Detail (\Portal\SlxClient\ChildPages\LeadSource\LeadSource.page.xml)
INFO  2014-01-03 13:10:33,242 - Successfully saved Lead Source Detail (\Portal\SlxClient\ChildPages\LeadSource\LeadSource.page.xml)
INFO  2014-01-03 13:10:33,269 - Saving model item: LiveGroupViewer (Custom) (\Portal\SlxClient\ChildPages\LeadSource\SmartParts\LiveGroupViewer.smartpart.xml)
INFO  2014-01-03 13:10:33,296 - Successfully saved LiveGroupViewer (Custom) (\Portal\SlxClient\ChildPages\LeadSource\SmartParts\LiveGroupViewer.smartpart.xml)
INFO  2014-01-03 13:10:33,323 - Saving context item: Literature Item (\Portal\SlxClient\ChildPages\LiteratureItem\LiteratureItem.page.xml)
INFO  2014-01-03 13:10:33,602 - Successfully saved Literature Item (\Portal\SlxClient\ChildPages\LiteratureItem\LiteratureItem.page.xml)
INFO  2014-01-03 13:10:33,628 - Saving model item: LiveGroupViewer (Custom) (\Portal\SlxClient\ChildPages\LiteratureItem\SmartParts\LiveGroupViewer.smartpart.xml)
INFO  2014-01-03 13:10:33,655 - Successfully saved LiveGroupViewer (Custom) (\Portal\SlxClient\ChildPages\LiteratureItem\SmartParts\LiveGroupViewer.smartpart.xml)
INFO  2014-01-03 13:10:33,681 - Saving context item: Literature Request Manager (\Portal\SlxClient\ChildPages\LitRequest\LitRequest.page.xml)
INFO  2014-01-03 13:10:33,960 - Successfully saved Literature Request Manager (\Portal\SlxClient\ChildPages\LitRequest\LitRequest.page.xml)
INFO  2014-01-03 13:10:33,989 - Saving model item: LiveGroupViewer (Custom) (\Portal\SlxClient\ChildPages\LitRequest\SmartParts\LiveGroupViewer.smartpart.xml)
INFO  2014-01-03 13:10:34,015 - Successfully saved LiveGroupViewer (Custom) (\Portal\SlxClient\ChildPages\LitRequest\SmartParts\LiveGroupViewer.smartpart.xml)
INFO  2014-01-03 13:10:34,041 - Saving context item: Package Detail (\Portal\SlxClient\ChildPages\Package\Package.page.xml)
INFO  2014-01-03 13:10:34,318 - Successfully saved Package Detail (\Portal\SlxClient\ChildPages\Package\Package.page.xml)
INFO  2014-01-03 13:10:34,346 - Saving model item: LiveGroupViewer (Custom) (\Portal\SlxClient\ChildPages\Package\SmartParts\LiveGroupViewer.smartpart.xml)
INFO  2014-01-03 13:10:34,372 - Successfully saved LiveGroupViewer (Custom) (\Portal\SlxClient\ChildPages\Package\SmartParts\LiveGroupViewer.smartpart.xml)
INFO  2014-01-03 13:10:34,398 - Saving context item: Pick Lists (\Portal\SlxClient\ChildPages\PickListView\PickListView.page.xml)
INFO  2014-01-03 13:10:34,677 - Successfully saved Pick Lists (\Portal\SlxClient\ChildPages\PickListView\PickListView.page.xml)
INFO  2014-01-03 13:10:34,704 - Saving model item: LiveGroupViewer (Custom) (\Portal\SlxClient\ChildPages\PickListView\SmartParts\LiveGroupViewer.smartpart.xml)
INFO  2014-01-03 13:10:34,730 - Successfully saved LiveGroupViewer (Custom) (\Portal\SlxClient\ChildPages\PickListView\SmartParts\LiveGroupViewer.smartpart.xml)
INFO  2014-01-03 13:10:34,758 - Saving context item: Product Detail (\Portal\SlxClient\ChildPages\Product\Product.page.xml)
INFO  2014-01-03 13:10:35,037 - Successfully saved Product Detail (\Portal\SlxClient\ChildPages\Product\Product.page.xml)
INFO  2014-01-03 13:10:35,064 - Saving model item: LiveGroupViewer (Custom) (\Portal\SlxClient\ChildPages\Product\SmartParts\LiveGroupViewer.smartpart.xml)
INFO  2014-01-03 13:10:35,090 - Successfully saved LiveGroupViewer (Custom) (\Portal\SlxClient\ChildPages\Product\SmartParts\LiveGroupViewer.smartpart.xml)
INFO  2014-01-03 13:10:35,307 - Saving context item: Qualification (\Portal\SlxClient\ChildPages\QualificationCategory\QualificationCategory.page.xml)
INFO  2014-01-03 13:10:35,394 - Successfully saved Qualification (\Portal\SlxClient\ChildPages\QualificationCategory\QualificationCategory.page.xml)
INFO  2014-01-03 13:10:35,421 - Saving model item: LiveGroupViewer (Custom) (\Portal\SlxClient\ChildPages\QualificationCategory\SmartParts\LiveGroupViewer.smartpart.xml)
INFO  2014-01-03 13:10:35,449 - Successfully saved LiveGroupViewer (Custom) (\Portal\SlxClient\ChildPages\QualificationCategory\SmartParts\LiveGroupViewer.smartpart.xml)
INFO  2014-01-03 13:10:35,727 - Saving context item: Resource (\Portal\SlxClient\ChildPages\ResourceList\ResourceList.page.xml)
INFO  2014-01-03 13:10:35,754 - Successfully saved Resource (\Portal\SlxClient\ChildPages\ResourceList\ResourceList.page.xml)
INFO  2014-01-03 13:10:35,782 - Saving model item: LiveGroupViewer (Custom) (\Portal\SlxClient\ChildPages\ResourceList\SmartParts\LiveGroupViewer.smartpart.xml)
INFO  2014-01-03 13:10:35,809 - Successfully saved LiveGroupViewer (Custom) (\Portal\SlxClient\ChildPages\ResourceList\SmartParts\LiveGroupViewer.smartpart.xml)
INFO  2014-01-03 13:10:36,086 - Saving context item: Return Detail (\Portal\SlxClient\ChildPages\Return\Return.page.xml)
INFO  2014-01-03 13:10:36,115 - Successfully saved Return Detail (\Portal\SlxClient\ChildPages\Return\Return.page.xml)
INFO  2014-01-03 13:10:36,142 - Saving model item: LiveGroupViewer (Custom) (\Portal\SlxClient\ChildPages\Return\SmartParts\LiveGroupViewer.smartpart.xml)
INFO  2014-01-03 13:10:36,168 - Successfully saved LiveGroupViewer (Custom) (\Portal\SlxClient\ChildPages\Return\SmartParts\LiveGroupViewer.smartpart.xml)
INFO  2014-01-03 13:10:36,457 - Saving context item: Role Detail (\Portal\SlxClient\ChildPages\Role\Role.page.xml)
INFO  2014-01-03 13:10:36,485 - Successfully saved Role Detail (\Portal\SlxClient\ChildPages\Role\Role.page.xml)
INFO  2014-01-03 13:10:36,511 - Saving model item: LiveGroupViewer (Custom) (\Portal\SlxClient\ChildPages\Role\SmartParts\LiveGroupViewer.smartpart.xml)
INFO  2014-01-03 13:10:36,537 - Successfully saved LiveGroupViewer (Custom) (\Portal\SlxClient\ChildPages\Role\SmartParts\LiveGroupViewer.smartpart.xml)
INFO  2014-01-03 13:10:36,815 - Saving context item: Secured Actions (\Portal\SlxClient\ChildPages\SecuredAction\SecuredAction.page.xml)
INFO  2014-01-03 13:10:36,841 - Successfully saved Secured Actions (\Portal\SlxClient\ChildPages\SecuredAction\SecuredAction.page.xml)
INFO  2014-01-03 13:10:36,867 - Saving model item: LiveGroupViewer (Custom) (\Portal\SlxClient\ChildPages\SecuredAction\SmartParts\LiveGroupViewer.smartpart.xml)
INFO  2014-01-03 13:10:36,894 - Successfully saved LiveGroupViewer (Custom) (\Portal\SlxClient\ChildPages\SecuredAction\SmartParts\LiveGroupViewer.smartpart.xml)
INFO  2014-01-03 13:10:37,174 - Saving context item: Security Manager (\Portal\SlxClient\ChildPages\SecurityManager\SecurityManager.page.xml)
INFO  2014-01-03 13:10:37,201 - Successfully saved Security Manager (\Portal\SlxClient\ChildPages\SecurityManager\SecurityManager.page.xml)
INFO  2014-01-03 13:10:37,228 - Saving model item: SDataListViewer (Custom) (\Portal\SlxClient\ChildPages\SecurityManager\SmartParts\SDataListViewer.smartpart.xml)
INFO  2014-01-03 13:10:37,257 - Successfully saved SDataListViewer (Custom) (\Portal\SlxClient\ChildPages\SecurityManager\SmartParts\SDataListViewer.smartpart.xml)
INFO  2014-01-03 13:10:37,536 - Saving context item: Sync Job (\Portal\SlxClient\ChildPages\SyncJob\SyncJob.page.xml)
INFO  2014-01-03 13:10:37,563 - Successfully saved Sync Job (\Portal\SlxClient\ChildPages\SyncJob\SyncJob.page.xml)
INFO  2014-01-03 13:10:37,590 - Saving model item: LiveGroupViewer (Custom) (\Portal\SlxClient\ChildPages\SyncJob\SmartParts\LiveGroupViewer.smartpart.xml)
INFO  2014-01-03 13:10:37,880 - Successfully saved LiveGroupViewer (Custom) (\Portal\SlxClient\ChildPages\SyncJob\SmartParts\LiveGroupViewer.smartpart.xml)
INFO  2014-01-03 13:10:37,908 - Saving context item: Sync History (\Portal\SlxClient\ChildPages\SyncResult\SyncResult.page.xml)
INFO  2014-01-03 13:10:37,937 - Successfully saved Sync History (\Portal\SlxClient\ChildPages\SyncResult\SyncResult.page.xml)
INFO  2014-01-03 13:10:37,963 - Saving model item: LiveGroupViewer (Custom) (\Portal\SlxClient\ChildPages\SyncResult\SmartParts\LiveGroupViewer.smartpart.xml)
INFO  2014-01-03 13:10:38,254 - Successfully saved LiveGroupViewer (Custom) (\Portal\SlxClient\ChildPages\SyncResult\SmartParts\LiveGroupViewer.smartpart.xml)
INFO  2014-01-03 13:10:38,283 - Saving context item: Ticket Activity Rate (\Portal\SlxClient\ChildPages\TicketActivityRate\TicketActivityRate.page.xml)
INFO  2014-01-03 13:10:38,309 - Successfully saved Ticket Activity Rate (\Portal\SlxClient\ChildPages\TicketActivityRate\TicketActivityRate.page.xml)
INFO  2014-01-03 13:10:38,335 - Saving model item: LiveGroupViewer (Custom) (\Portal\SlxClient\ChildPages\TicketActivityRate\SmartParts\LiveGroupViewer.smartpart.xml)
INFO  2014-01-03 13:10:38,609 - Successfully saved LiveGroupViewer (Custom) (\Portal\SlxClient\ChildPages\TicketActivityRate\SmartParts\LiveGroupViewer.smartpart.xml)
INFO  2014-01-03 13:10:38,637 - Saving context item: Ticket Area / Owner (\Portal\SlxClient\ChildPages\TicketAreaOwner\TicketAreaOwner.page.xml)
INFO  2014-01-03 13:10:38,664 - Successfully saved Ticket Area / Owner (\Portal\SlxClient\ChildPages\TicketAreaOwner\TicketAreaOwner.page.xml)
INFO  2014-01-03 13:10:38,690 - Saving model item: LiveGroupViewer (Custom) (\Portal\SlxClient\ChildPages\TicketAreaOwner\SmartParts\LiveGroupViewer.smartpart.xml)
INFO  2014-01-03 13:10:38,968 - Successfully saved LiveGroupViewer (Custom) (\Portal\SlxClient\ChildPages\TicketAreaOwner\SmartParts\LiveGroupViewer.smartpart.xml)
INFO  2014-01-03 13:10:38,995 - Saving context item: Standard Resolution (\Portal\SlxClient\ChildPages\TicketSolutionType\TicketSolutionType.page.xml)
INFO  2014-01-03 13:10:39,021 - Successfully saved Standard Resolution (\Portal\SlxClient\ChildPages\TicketSolutionType\TicketSolutionType.page.xml)
INFO  2014-01-03 13:10:39,048 - Saving model item: LiveGroupViewer (Custom) (\Portal\SlxClient\ChildPages\TicketSolutionType\SmartParts\LiveGroupViewer.smartpart.xml)
INFO  2014-01-03 13:10:39,327 - Successfully saved LiveGroupViewer (Custom) (\Portal\SlxClient\ChildPages\TicketSolutionType\SmartParts\LiveGroupViewer.smartpart.xml)
INFO  2014-01-03 13:10:39,353 - Saving context item: User Detail (\Portal\SlxClient\ChildPages\User\User.page.xml)
INFO  2014-01-03 13:10:39,382 - Successfully saved User Detail (\Portal\SlxClient\ChildPages\User\User.page.xml)
INFO  2014-01-03 13:10:39,408 - Saving model item: LiveGroupViewer (Custom) (\Portal\SlxClient\ChildPages\User\SmartParts\LiveGroupViewer.smartpart.xml)
INFO  2014-01-03 13:10:39,685 - Successfully saved LiveGroupViewer (Custom) (\Portal\SlxClient\ChildPages\User\SmartParts\LiveGroupViewer.smartpart.xml)
INFO  2014-01-03 13:10:39,713 - Saving model item: Saleslogix Customer Portal (\Portal\SLXCustomerPortal\SLXCustomerPortal.cabapp.ptl.xml)
INFO  2014-01-03 13:10:39,742 - Successfully saved Saleslogix Customer Portal (\Portal\SLXCustomerPortal\SLXCustomerPortal.cabapp.ptl.xml)
INFO  2014-01-03 13:10:39,768 - Saving model item: Saleslogix Customer Portal (\Portal\SLXCustomerPortal\ChildPages\Default\Default.page.xml)
INFO  2014-01-03 13:10:40,044 - Successfully saved Saleslogix Customer Portal (\Portal\SLXCustomerPortal\ChildPages\Default\Default.page.xml)
INFO  2014-01-03 13:10:40,072 - Saving model item: Saleslogix Job Service (\Portal\SlxJobService\SlxJobService.cabsch.ptl.xml)
INFO  2014-01-03 13:10:40,099 - Successfully saved Saleslogix Job Service (\Portal\SlxJobService\SlxJobService.cabsch.ptl.xml)
INFO  2014-01-03 13:10:40,127 - Saving model item: Saleslogix Mobile Client (\Portal\SlxMobile\SlxMobile.mobapp.ptl.xml)
INFO  2014-01-03 13:10:40,402 - Successfully saved Saleslogix Mobile Client (\Portal\SlxMobile\SlxMobile.mobapp.ptl.xml)
INFO  2014-01-03 13:10:40,429 - Configuring installed items.
INFO  2014-01-03 13:10:40,455 - Configuring ASP.NET Portal Template...
INFO  2014-01-03 13:10:40,735 - Configuring Process Host...
INFO  2014-01-03 13:10:40,763 - Configuring SData Integration Host...
INFO  2014-01-03 13:10:40,790 - Configuring Saleslogix Client...
INFO  2014-01-03 13:10:40,821 - Configuring Activities...
INFO  2014-01-03 13:10:41,319 - Configuring SDataListViewer (Custom)...
INFO  2014-01-03 13:10:41,345 - Configuring Campaign Detail...
INFO  2014-01-03 13:10:41,372 - Configuring LiveGroupViewer (Custom)...
INFO  2014-01-03 13:10:41,397 - Configuring Competitor Detail...
INFO  2014-01-03 13:10:41,682 - Configuring LiveGroupViewer (Custom)...
INFO  2014-01-03 13:10:41,708 - Configuring Contact Detail...
INFO  2014-01-03 13:10:41,734 - Configuring SyncResultsHistory (Custom)...
INFO  2014-01-03 13:10:41,760 - Configuring Contract Detail...
INFO  2014-01-03 13:10:42,041 - Configuring LiveGroupViewer (Custom)...
INFO  2014-01-03 13:10:42,068 - Configuring Duplicate Manager...
INFO  2014-01-03 13:10:42,095 - Configuring LiveGroupViewer (Custom)...
INFO  2014-01-03 13:10:42,121 - Configuring Defect Detail...
INFO  2014-01-03 13:10:42,400 - Configuring LiveGroupViewer (Custom)...
INFO  2014-01-03 13:10:42,427 - Configuring Defect Activity Rate...
INFO  2014-01-03 13:10:42,453 - Configuring LiveGroupViewer (Custom)...
INFO  2014-01-03 13:10:42,478 - Configuring Lead Detail...
INFO  2014-01-03 13:10:42,759 - Configuring LiveGroupViewer (Custom)...
INFO  2014-01-03 13:10:42,787 - Configuring Lead Source Detail...
INFO  2014-01-03 13:10:42,814 - Configuring LiveGroupViewer (Custom)...
INFO  2014-01-03 13:10:43,031 - Configuring Literature Item...
INFO  2014-01-03 13:10:43,118 - Configuring LiveGroupViewer (Custom)...
INFO  2014-01-03 13:10:43,144 - Configuring Literature Request Manager...
INFO  2014-01-03 13:10:43,170 - Configuring LiveGroupViewer (Custom)...
INFO  2014-01-03 13:10:43,451 - Configuring Package Detail...
INFO  2014-01-03 13:10:43,477 - Configuring LiveGroupViewer (Custom)...
INFO  2014-01-03 13:10:43,503 - Configuring Pick Lists...
INFO  2014-01-03 13:10:43,539 - Configuring LiveGroupViewer (Custom)...
INFO  2014-01-03 13:10:43,825 - Configuring Product Detail...
INFO  2014-01-03 13:10:43,851 - Configuring LiveGroupViewer (Custom)...
INFO  2014-01-03 13:10:43,877 - Configuring Qualification...
INFO  2014-01-03 13:10:43,904 - Configuring LiveGroupViewer (Custom)...
INFO  2014-01-03 13:10:44,178 - Configuring Resource...
INFO  2014-01-03 13:10:44,205 - Configuring LiveGroupViewer (Custom)...
INFO  2014-01-03 13:10:44,232 - Configuring Return Detail...
INFO  2014-01-03 13:10:44,256 - Configuring LiveGroupViewer (Custom)...
INFO  2014-01-03 13:10:44,538 - Configuring Role Detail...
INFO  2014-01-03 13:10:44,565 - Configuring LiveGroupViewer (Custom)...
INFO  2014-01-03 13:10:44,591 - Configuring Secured Actions...
INFO  2014-01-03 13:10:44,617 - Configuring LiveGroupViewer (Custom)...
INFO  2014-01-03 13:10:44,897 - Configuring Security Manager...
INFO  2014-01-03 13:10:44,923 - Configuring SDataListViewer (Custom)...
INFO  2014-01-03 13:10:44,950 - Configuring Sync Job...
INFO  2014-01-03 13:10:44,976 - Configuring LiveGroupViewer (Custom)...
INFO  2014-01-03 13:10:45,254 - Configuring Sync History...
INFO  2014-01-03 13:10:45,281 - Configuring LiveGroupViewer (Custom)...
INFO  2014-01-03 13:10:45,306 - Configuring Ticket Activity Rate...
INFO  2014-01-03 13:10:45,588 - Configuring LiveGroupViewer (Custom)...
INFO  2014-01-03 13:10:45,615 - Configuring Ticket Area / Owner...
INFO  2014-01-03 13:10:45,641 - Configuring LiveGroupViewer (Custom)...
INFO  2014-01-03 13:10:45,667 - Configuring Standard Resolution...
INFO  2014-01-03 13:10:45,946 - Configuring LiveGroupViewer (Custom)...
INFO  2014-01-03 13:10:45,972 - Configuring User Detail...
INFO  2014-01-03 13:10:45,999 - Configuring LiveGroupViewer (Custom)...
INFO  2014-01-03 13:10:46,025 - Configuring Saleslogix Customer Portal...
INFO  2014-01-03 13:10:46,302 - Configuring Saleslogix Customer Portal...
INFO  2014-01-03 13:10:46,344 - Configuring Saleslogix Job Service...
INFO  2014-01-03 13:10:46,372 - Configuring Saleslogix Mobile Client...
INFO  2014-01-03 13:10:46,400 - Performing pre-commit to target project.
INFO  2014-01-03 13:10:46,686 - Committing items to target project...
INFO  2014-01-03 13:10:47,633 - Committing transactions...
INFO  2014-01-03 13:10:48,399 - Copying bundle manifest to project.
INFO  2014-01-03 13:10:52,220 - Install complete.
