6/6/2012 2:53:43 AM
INFO  2012-06-05 19:53:29,564 - Installing bundle...
INFO  2012-06-05 19:53:29,672 - Performing pre-install.
INFO  2012-06-05 19:53:29,679 - Installing context item: SalesLogix Application Entities (\Entity Model\SalesLogix Application Entities\SalesLogix Application Entities.T.package.xml)
INFO  2012-06-05 19:53:29,687 - Successfully installed SalesLogix Application Entities (\Entity Model\SalesLogix Application Entities\SalesLogix Application Entities.T.package.xml)
INFO  2012-06-05 19:53:29,695 - Installing context item: SalesOrderItem (\Entity Model\SalesLogix Application Entities\SalesOrderItem\SalesOrderItem.SALESORDERITEMS.entity.xml)
INFO  2012-06-05 19:53:29,970 - Successfully installed SalesOrderItem (\Entity Model\SalesLogix Application Entities\SalesOrderItem\SalesOrderItem.SALESORDERITEMS.entity.xml)
INFO  2012-06-05 19:53:29,978 - Installing model item: CalculateUnitOfMeasureChange (\Entity Model\SalesLogix Application Entities\SalesOrderItem\CalculateUnitOfMeasureChange.method.xml)
INFO  2012-06-05 19:53:29,990 - Successfully installed CalculateUnitOfMeasureChange (\Entity Model\SalesLogix Application Entities\SalesOrderItem\CalculateUnitOfMeasureChange.method.xml)
INFO  2012-06-05 19:53:29,998 - Installing item: CalculateUnitOfMeasureChange (\Entity Model\SalesLogix Application Entities\SalesOrderItem\CalculateUnitOfMeasureChange.method.xml::Primary Steps::CalculateUnitOfMeasureChange)
INFO  2012-06-05 19:53:30,007 - Successfully installed CalculateUnitOfMeasureChange (\Entity Model\SalesLogix Application Entities\SalesOrderItem\CalculateUnitOfMeasureChange.method.xml::Primary Steps::CalculateUnitOfMeasureChange)
INFO  2012-06-05 19:53:30,015 - Installing model item: ICEditSalesOrderItem (\Entity Model\SalesLogix Application Entities\SalesOrderItem\QuickForms\ICEditSalesOrderItem.main.quickform.xml)
INFO  2012-06-05 19:53:30,844 - Successfully installed ICEditSalesOrderItem (\Entity Model\SalesLogix Application Entities\SalesOrderItem\QuickForms\ICEditSalesOrderItem.main.quickform.xml)
INFO  2012-06-05 19:53:30,861 - Installing context item: SalesOrder (\Entity Model\SalesLogix Application Entities\SalesOrder\SalesOrder.SALESORDER.entity.xml)
INFO  2012-06-05 19:53:31,661 - Successfully installed SalesOrder (\Entity Model\SalesLogix Application Entities\SalesOrder\SalesOrder.SALESORDER.entity.xml)
INFO  2012-06-05 19:53:31,678 - Installing model item: EditSalesOrderDetail (\Entity Model\SalesLogix Application Entities\SalesOrder\QuickForms\EditSalesOrderDetail.main.quickform.xml)
INFO  2012-06-05 19:53:31,700 - Successfully installed EditSalesOrderDetail (\Entity Model\SalesLogix Application Entities\SalesOrder\QuickForms\EditSalesOrderDetail.main.quickform.xml)
INFO  2012-06-05 19:53:31,711 - Installing model item: SalesOrderDetails (\Entity Model\SalesLogix Application Entities\SalesOrder\QuickForms\SalesOrderDetails.main.quickform.xml)
INFO  2012-06-05 19:53:31,752 - Successfully installed SalesOrderDetails (\Entity Model\SalesLogix Application Entities\SalesOrder\QuickForms\SalesOrderDetails.main.quickform.xml)
INFO  2012-06-05 19:53:31,765 - Installing context item: Account (\Entity Model\SalesLogix Application Entities\Account\Account.ACCOUNT.entity.xml)
INFO  2012-06-05 19:53:32,242 - Successfully installed Account (\Entity Model\SalesLogix Application Entities\Account\Account.ACCOUNT.entity.xml)
INFO  2012-06-05 19:53:32,257 - Installing model item: ICAccounting (\Entity Model\SalesLogix Application Entities\Account\QuickForms\ICAccounting.main.quickform.xml)
INFO  2012-06-05 19:53:32,281 - Successfully installed ICAccounting (\Entity Model\SalesLogix Application Entities\Account\QuickForms\ICAccounting.main.quickform.xml)
INFO  2012-06-05 19:53:32,307 - Installing context item: SalesLogix Contract Sync Entities (\Entity Model\SalesLogix Contract Sync Entities\SalesLogix Contract Sync Entities.T.package.xml)
INFO  2012-06-05 19:53:32,322 - Successfully installed SalesLogix Contract Sync Entities (\Entity Model\SalesLogix Contract Sync Entities\SalesLogix Contract Sync Entities.T.package.xml)
INFO  2012-06-05 19:53:32,338 - Installing context item: AppIdMapping (\Entity Model\SalesLogix Contract Sync Entities\AppIdMapping\AppIdMapping.APPIDMAPPING.entity.xml)
INFO  2012-06-05 19:53:32,507 - Successfully installed AppIdMapping (\Entity Model\SalesLogix Contract Sync Entities\AppIdMapping\AppIdMapping.APPIDMAPPING.entity.xml)
INFO  2012-06-05 19:53:32,529 - Installing model item: AccountingSystems (\Entity Model\SalesLogix Contract Sync Entities\AppIdMapping\QuickForms\AccountingSystems.main.quickform.xml)
INFO  2012-06-05 19:53:32,582 - Successfully installed AccountingSystems (\Entity Model\SalesLogix Contract Sync Entities\AppIdMapping\QuickForms\AccountingSystems.main.quickform.xml)
INFO  2012-06-05 19:53:32,603 - Installing model item: AddEditAccountingSystem (\Entity Model\SalesLogix Contract Sync Entities\AppIdMapping\QuickForms\AddEditAccountingSystem.main.quickform.xml)
INFO  2012-06-05 19:53:32,653 - Successfully installed AddEditAccountingSystem (\Entity Model\SalesLogix Contract Sync Entities\AppIdMapping\QuickForms\AddEditAccountingSystem.main.quickform.xml)
INFO  2012-06-05 19:53:32,670 - Installing model item: Product.SalesOrderItems 1:M Sales Order Item.Product (\Entity Model\Relationships\Product.SalesOrderItem.02abd3f61cfd4245a2fa54b7cceccc52.relationship.xml)
INFO  2012-06-05 19:53:38,014 - Successfully installed Product.SalesOrderItems 1:M Sales Order Item.Product (\Entity Model\Relationships\Product.SalesOrderItem.02abd3f61cfd4245a2fa54b7cceccc52.relationship.xml)
INFO  2012-06-05 19:53:38,031 - Installing context item: Web Reporting Portal (\Portal\slxwebrpt\slxwebrpt.portal.xml)
INFO  2012-06-05 19:53:38,251 - Successfully installed Web Reporting Portal (\Portal\slxwebrpt\slxwebrpt.portal.xml)
INFO  2012-06-05 19:53:38,265 - Installing context item: SalesLogix Lead Capture (\Portal\SlxLeadCapture\SlxLeadCapture.portal.xml)
INFO  2012-06-05 19:53:38,823 - Successfully installed SalesLogix Lead Capture (\Portal\SlxLeadCapture\SlxLeadCapture.portal.xml)
INFO  2012-06-05 19:53:38,843 - Installing context item: Intellisync For SalesLogix (\Portal\SlxIntellisync\SlxIntellisync.portal.xml)
INFO  2012-06-05 19:53:39,119 - Successfully installed Intellisync For SalesLogix (\Portal\SlxIntellisync\SlxIntellisync.portal.xml)
INFO  2012-06-05 19:53:39,136 - Installing context item: Sage SalesLogix Customer Portal (\Portal\SLXCustomerPortal\SLXCustomerPortal.portal.xml)
INFO  2012-06-05 19:53:39,513 - Successfully installed Sage SalesLogix Customer Portal (\Portal\SLXCustomerPortal\SLXCustomerPortal.portal.xml)
INFO  2012-06-05 19:53:39,530 - Installing context item: Sage SalesLogix (\Portal\SlxClient\SlxClient.portal.xml)
INFO  2012-06-05 19:53:40,207 - Successfully installed Sage SalesLogix (\Portal\SlxClient\SlxClient.portal.xml)
INFO  2012-06-05 19:53:40,224 - Installing context item: SData Integration Host (\Portal\sdata\sdata.portal.xml)
INFO  2012-06-05 19:53:40,587 - Successfully installed SData Integration Host (\Portal\sdata\sdata.portal.xml)
INFO  2012-06-05 19:53:40,603 - Installing context item: Process Host Portal (\Portal\ProcessHost\ProcessHost.portal.xml)
INFO  2012-06-05 19:53:40,871 - Successfully installed Process Host Portal (\Portal\ProcessHost\ProcessHost.portal.xml)
INFO  2012-06-05 19:53:40,887 - Configuring installed items.
INFO  2012-06-05 19:53:40,899 - Configuring Web Reporting Portal...
INFO  2012-06-05 19:53:40,914 - Configuring SalesLogix Lead Capture...
INFO  2012-06-05 19:53:40,932 - Configuring Intellisync For SalesLogix...
INFO  2012-06-05 19:53:40,949 - Configuring Sage SalesLogix Customer Portal...
INFO  2012-06-05 19:53:40,963 - Configuring Sage SalesLogix...
INFO  2012-06-05 19:53:40,975 - Configuring SData Integration Host...
INFO  2012-06-05 19:53:40,990 - Configuring Process Host Portal...
INFO  2012-06-05 19:53:41,003 - Performing pre-commit to target project.
INFO  2012-06-05 19:53:41,684 - Committing items to target project...
INFO  2012-06-05 19:53:42,807 - Committing transactions...
INFO  2012-06-05 19:53:43,829 - Copying bundle manifest to project.
INFO  2012-06-05 19:53:47,893 - Install complete.
