6/6/2012 2:53:09 AM
INFO  2012-06-05 19:52:37,634 - Installing bundle...
INFO  2012-06-05 19:52:37,644 - Performing pre-install.
INFO  2012-06-05 19:52:37,722 - Installing context item: SalesLogix Application Entities (\Entity Model\SalesLogix Application Entities\SalesLogix Application Entities.T.package.xml)
INFO  2012-06-05 19:52:38,023 - Successfully installed SalesLogix Application Entities (\Entity Model\SalesLogix Application Entities\SalesLogix Application Entities.T.package.xml)
INFO  2012-06-05 19:52:38,037 - Installing context item: Address (\Entity Model\SalesLogix Application Entities\Address\Address.ADDRESS.entity.xml)
INFO  2012-06-05 19:52:39,676 - Successfully installed Address (\Entity Model\SalesLogix Application Entities\Address\Address.ADDRESS.entity.xml)
INFO  2012-06-05 19:52:39,685 - Installing model item: OnBeforeInsert (\Entity Model\SalesLogix Application Entities\Address\OnBeforeInsert.method.xml)
INFO  2012-06-05 19:52:39,706 - Successfully installed OnBeforeInsert (\Entity Model\SalesLogix Application Entities\Address\OnBeforeInsert.method.xml)
INFO  2012-06-05 19:52:39,712 - Installing item: ValidateCountryCode (\Entity Model\SalesLogix Application Entities\Address\OnBeforeInsert.method.xml::Pre Execute Steps::ValidateCountryCode)
INFO  2012-06-05 19:52:39,719 - Successfully installed ValidateCountryCode (\Entity Model\SalesLogix Application Entities\Address\OnBeforeInsert.method.xml::Pre Execute Steps::ValidateCountryCode)
INFO  2012-06-05 19:52:39,726 - Installing item: OnBeforeInsert (\Entity Model\SalesLogix Application Entities\Address\OnBeforeInsert.method.xml::Primary Steps::OnBeforeInsert)
INFO  2012-06-05 19:52:39,734 - Successfully installed OnBeforeInsert (\Entity Model\SalesLogix Application Entities\Address\OnBeforeInsert.method.xml::Primary Steps::OnBeforeInsert)
INFO  2012-06-05 19:52:39,741 - Installing model item: OnBeforeUpdate (\Entity Model\SalesLogix Application Entities\Address\OnBeforeUpdate.method.xml)
INFO  2012-06-05 19:52:39,753 - Successfully installed OnBeforeUpdate (\Entity Model\SalesLogix Application Entities\Address\OnBeforeUpdate.method.xml)
INFO  2012-06-05 19:52:39,760 - Installing item: ValidateCountryCode (\Entity Model\SalesLogix Application Entities\Address\OnBeforeUpdate.method.xml::Pre Execute Steps::ValidateCountryCode)
INFO  2012-06-05 19:52:39,768 - Successfully installed ValidateCountryCode (\Entity Model\SalesLogix Application Entities\Address\OnBeforeUpdate.method.xml::Pre Execute Steps::ValidateCountryCode)
INFO  2012-06-05 19:52:39,776 - Installing item: OnBeforeUpdate (\Entity Model\SalesLogix Application Entities\Address\OnBeforeUpdate.method.xml::Primary Steps::OnBeforeUpdate)
INFO  2012-06-05 19:52:39,786 - Successfully installed OnBeforeUpdate (\Entity Model\SalesLogix Application Entities\Address\OnBeforeUpdate.method.xml::Primary Steps::OnBeforeUpdate)
INFO  2012-06-05 19:52:39,795 - Installing context item: Opportunity (\Entity Model\SalesLogix Application Entities\Opportunity\Opportunity.OPPORTUNITY.entity.xml)
INFO  2012-06-05 19:52:41,435 - Successfully installed Opportunity (\Entity Model\SalesLogix Application Entities\Opportunity\Opportunity.OPPORTUNITY.entity.xml)
INFO  2012-06-05 19:52:41,450 - Installing model item: OnAccountChanged (\Entity Model\SalesLogix Application Entities\Opportunity\OnAccountChanged.method.xml)
INFO  2012-06-05 19:52:41,467 - Successfully installed OnAccountChanged (\Entity Model\SalesLogix Application Entities\Opportunity\OnAccountChanged.method.xml)
INFO  2012-06-05 19:52:41,481 - Installing item: OnAccountChanged (\Entity Model\SalesLogix Application Entities\Opportunity\OnAccountChanged.method.xml::Primary Steps::OnAccountChanged)
INFO  2012-06-05 19:52:41,492 - Successfully installed OnAccountChanged (\Entity Model\SalesLogix Application Entities\Opportunity\OnAccountChanged.method.xml::Primary Steps::OnAccountChanged)
INFO  2012-06-05 19:52:41,503 - Installing model item: OpportunityProducts (\Entity Model\SalesLogix Application Entities\Opportunity\QuickForms\OpportunityProducts.main.quickform.xml)
INFO  2012-06-05 19:52:41,923 - Successfully installed OpportunityProducts (\Entity Model\SalesLogix Application Entities\Opportunity\QuickForms\OpportunityProducts.main.quickform.xml)
INFO  2012-06-05 19:52:41,936 - Installing model item: PackageKitChildView (\Entity Model\SalesLogix Application Entities\PackageKitChildView\PackageKitChildView.PACKAGEKITCHILDVIEW.entity.xml)
INFO  2012-06-05 19:52:42,858 - Successfully installed PackageKitChildView (\Entity Model\SalesLogix Application Entities\PackageKitChildView\PackageKitChildView.PACKAGEKITCHILDVIEW.entity.xml)
INFO  2012-06-05 19:52:42,872 - Installing model item: ProdPackageKitView (\Entity Model\SalesLogix Application Entities\ProdPackageKitView\ProdPackageKitView.PRODPACKAGEKITVIEW.entity.xml)
INFO  2012-06-05 19:52:42,967 - Successfully installed ProdPackageKitView (\Entity Model\SalesLogix Application Entities\ProdPackageKitView\ProdPackageKitView.PRODPACKAGEKITVIEW.entity.xml)
INFO  2012-06-05 19:52:42,978 - Installing context item: ReturnAddress (\Entity Model\SalesLogix Application Entities\ReturnAddress\ReturnAddress.RMAADDRESS.entity.xml)
INFO  2012-06-05 19:52:43,213 - Successfully installed ReturnAddress (\Entity Model\SalesLogix Application Entities\ReturnAddress\ReturnAddress.RMAADDRESS.entity.xml)
INFO  2012-06-05 19:52:43,234 - Installing model item: OnBeforeInsert (\Entity Model\SalesLogix Application Entities\ReturnAddress\OnBeforeInsert.method.xml)
INFO  2012-06-05 19:52:43,261 - Successfully installed OnBeforeInsert (\Entity Model\SalesLogix Application Entities\ReturnAddress\OnBeforeInsert.method.xml)
INFO  2012-06-05 19:52:43,279 - Installing item: ValidateCountryCode (\Entity Model\SalesLogix Application Entities\ReturnAddress\OnBeforeInsert.method.xml::Pre Execute Steps::ValidateCountryCode)
INFO  2012-06-05 19:52:43,298 - Successfully installed ValidateCountryCode (\Entity Model\SalesLogix Application Entities\ReturnAddress\OnBeforeInsert.method.xml::Pre Execute Steps::ValidateCountryCode)
INFO  2012-06-05 19:52:43,313 - Installing item: OnBeforeInsert (\Entity Model\SalesLogix Application Entities\ReturnAddress\OnBeforeInsert.method.xml::Primary Steps::OnBeforeInsert)
INFO  2012-06-05 19:52:43,331 - Successfully installed OnBeforeInsert (\Entity Model\SalesLogix Application Entities\ReturnAddress\OnBeforeInsert.method.xml::Primary Steps::OnBeforeInsert)
INFO  2012-06-05 19:52:43,346 - Installing model item: OnBeforeUpdate (\Entity Model\SalesLogix Application Entities\ReturnAddress\OnBeforeUpdate.method.xml)
INFO  2012-06-05 19:52:43,367 - Successfully installed OnBeforeUpdate (\Entity Model\SalesLogix Application Entities\ReturnAddress\OnBeforeUpdate.method.xml)
INFO  2012-06-05 19:52:43,384 - Installing item: ValidateCountryCode (\Entity Model\SalesLogix Application Entities\ReturnAddress\OnBeforeUpdate.method.xml::Pre Execute Steps::ValidateCountryCode)
INFO  2012-06-05 19:52:43,399 - Successfully installed ValidateCountryCode (\Entity Model\SalesLogix Application Entities\ReturnAddress\OnBeforeUpdate.method.xml::Pre Execute Steps::ValidateCountryCode)
INFO  2012-06-05 19:52:43,414 - Installing item: OnBeforeUpdate (\Entity Model\SalesLogix Application Entities\ReturnAddress\OnBeforeUpdate.method.xml::Primary Steps::OnBeforeUpdate)
INFO  2012-06-05 19:52:43,429 - Successfully installed OnBeforeUpdate (\Entity Model\SalesLogix Application Entities\ReturnAddress\OnBeforeUpdate.method.xml::Primary Steps::OnBeforeUpdate)
INFO  2012-06-05 19:52:43,443 - Installing context item: SalesOrderAddress (\Entity Model\SalesLogix Application Entities\SalesOrderAddress\SalesOrderAddress.SALESORDERADDRESS.entity.xml)
INFO  2012-06-05 19:52:43,619 - Successfully installed SalesOrderAddress (\Entity Model\SalesLogix Application Entities\SalesOrderAddress\SalesOrderAddress.SALESORDERADDRESS.entity.xml)
INFO  2012-06-05 19:52:43,640 - Installing context item: OnBeforeInsert (\Entity Model\SalesLogix Application Entities\SalesOrderAddress\OnBeforeInsert.method.xml)
INFO  2012-06-05 19:52:48,315 - Successfully installed OnBeforeInsert (\Entity Model\SalesLogix Application Entities\SalesOrderAddress\OnBeforeInsert.method.xml)
INFO  2012-06-05 19:52:48,334 - Installing item: ValidateCountryCode (\Entity Model\SalesLogix Application Entities\SalesOrderAddress\OnBeforeInsert.method.xml::Pre Execute Steps::ValidateCountryCode)
INFO  2012-06-05 19:52:48,346 - Successfully installed ValidateCountryCode (\Entity Model\SalesLogix Application Entities\SalesOrderAddress\OnBeforeInsert.method.xml::Pre Execute Steps::ValidateCountryCode)
INFO  2012-06-05 19:52:48,358 - Installing model item: OnBeforeUpdate (\Entity Model\SalesLogix Application Entities\SalesOrderAddress\OnBeforeUpdate.method.xml)
INFO  2012-06-05 19:52:48,373 - Successfully installed OnBeforeUpdate (\Entity Model\SalesLogix Application Entities\SalesOrderAddress\OnBeforeUpdate.method.xml)
INFO  2012-06-05 19:52:48,384 - Installing item: ValidateCountryCode (\Entity Model\SalesLogix Application Entities\SalesOrderAddress\OnBeforeUpdate.method.xml::Pre Execute Steps::ValidateCountryCode)
INFO  2012-06-05 19:52:48,397 - Successfully installed ValidateCountryCode (\Entity Model\SalesLogix Application Entities\SalesOrderAddress\OnBeforeUpdate.method.xml::Pre Execute Steps::ValidateCountryCode)
INFO  2012-06-05 19:52:48,408 - Installing item: OnBeforeUpdate (\Entity Model\SalesLogix Application Entities\SalesOrderAddress\OnBeforeUpdate.method.xml::Primary Steps::OnBeforeUpdate)
INFO  2012-06-05 19:52:48,420 - Successfully installed OnBeforeUpdate (\Entity Model\SalesLogix Application Entities\SalesOrderAddress\OnBeforeUpdate.method.xml::Primary Steps::OnBeforeUpdate)
INFO  2012-06-05 19:52:48,434 - Installing context item: SalesOrderItem (\Entity Model\SalesLogix Application Entities\SalesOrderItem\SalesOrderItem.SALESORDERITEMS.entity.xml)
INFO  2012-06-05 19:52:48,805 - Successfully installed SalesOrderItem (\Entity Model\SalesLogix Application Entities\SalesOrderItem\SalesOrderItem.SALESORDERITEMS.entity.xml)
INFO  2012-06-05 19:52:48,823 - Installing model item: ICEditSalesOrderItem (\Entity Model\SalesLogix Application Entities\SalesOrderItem\QuickForms\ICEditSalesOrderItem.main.quickform.xml)
INFO  2012-06-05 19:52:48,877 - Successfully installed ICEditSalesOrderItem (\Entity Model\SalesLogix Application Entities\SalesOrderItem\QuickForms\ICEditSalesOrderItem.main.quickform.xml)
INFO  2012-06-05 19:52:48,891 - Installing context item: SalesOrder (\Entity Model\SalesLogix Application Entities\SalesOrder\SalesOrder.SALESORDER.entity.xml)
INFO  2012-06-05 19:52:49,193 - Successfully installed SalesOrder (\Entity Model\SalesLogix Application Entities\SalesOrder\SalesOrder.SALESORDER.entity.xml)
INFO  2012-06-05 19:52:49,213 - Installing model item: SalesOrderDetails (\Entity Model\SalesLogix Application Entities\SalesOrder\QuickForms\SalesOrderDetails.main.quickform.xml)
INFO  2012-06-05 19:52:49,279 - Successfully installed SalesOrderDetails (\Entity Model\SalesLogix Application Entities\SalesOrder\QuickForms\SalesOrderDetails.main.quickform.xml)
INFO  2012-06-05 19:52:49,294 - Installing model item: SalesOrderProducts (\Entity Model\SalesLogix Application Entities\SalesOrder\QuickForms\SalesOrderProducts.main.quickform.xml)
INFO  2012-06-05 19:52:49,348 - Successfully installed SalesOrderProducts (\Entity Model\SalesLogix Application Entities\SalesOrder\QuickForms\SalesOrderProducts.main.quickform.xml)
INFO  2012-06-05 19:52:49,361 - Installing context item: Account (\Entity Model\SalesLogix Application Entities\Account\Account.ACCOUNT.entity.xml)
INFO  2012-06-05 19:52:50,779 - Successfully installed Account (\Entity Model\SalesLogix Application Entities\Account\Account.ACCOUNT.entity.xml)
INFO  2012-06-05 19:52:50,794 - Installing model item: ICAccounting (\Entity Model\SalesLogix Application Entities\Account\QuickForms\ICAccounting.main.quickform.xml)
INFO  2012-06-05 19:52:50,821 - Successfully installed ICAccounting (\Entity Model\SalesLogix Application Entities\Account\QuickForms\ICAccounting.main.quickform.xml)
INFO  2012-06-05 19:52:50,838 - Installing context item: SalesLogix Contract Sync Entities (\Entity Model\SalesLogix Contract Sync Entities\SalesLogix Contract Sync Entities.T.package.xml)
INFO  2012-06-05 19:52:50,853 - Successfully installed SalesLogix Contract Sync Entities (\Entity Model\SalesLogix Contract Sync Entities\SalesLogix Contract Sync Entities.T.package.xml)
INFO  2012-06-05 19:52:50,866 - Installing context item: AppIdMapping (\Entity Model\SalesLogix Contract Sync Entities\AppIdMapping\AppIdMapping.APPIDMAPPING.entity.xml)
INFO  2012-06-05 19:52:51,174 - Successfully installed AppIdMapping (\Entity Model\SalesLogix Contract Sync Entities\AppIdMapping\AppIdMapping.APPIDMAPPING.entity.xml)
INFO  2012-06-05 19:52:51,187 - Installing model item: ValidateEndPoint (\Entity Model\SalesLogix Contract Sync Entities\AppIdMapping\ValidateEndPoint.method.xml)
INFO  2012-06-05 19:52:51,203 - Successfully installed ValidateEndPoint (\Entity Model\SalesLogix Contract Sync Entities\AppIdMapping\ValidateEndPoint.method.xml)
INFO  2012-06-05 19:52:51,215 - Installing item: ValidateEndPoint (\Entity Model\SalesLogix Contract Sync Entities\AppIdMapping\ValidateEndPoint.method.xml::Primary Steps::ValidateEndPoint)
INFO  2012-06-05 19:52:51,228 - Successfully installed ValidateEndPoint (\Entity Model\SalesLogix Contract Sync Entities\AppIdMapping\ValidateEndPoint.method.xml::Primary Steps::ValidateEndPoint)
INFO  2012-06-05 19:52:51,242 - Installing model item: AccountingSystems (\Entity Model\SalesLogix Contract Sync Entities\AppIdMapping\QuickForms\AccountingSystems.main.quickform.xml)
INFO  2012-06-05 19:52:51,293 - Successfully installed AccountingSystems (\Entity Model\SalesLogix Contract Sync Entities\AppIdMapping\QuickForms\AccountingSystems.main.quickform.xml)
INFO  2012-06-05 19:52:51,305 - Installing model item: AddEditAccountingSystem (\Entity Model\SalesLogix Contract Sync Entities\AppIdMapping\QuickForms\AddEditAccountingSystem.main.quickform.xml)
INFO  2012-06-05 19:52:51,351 - Successfully installed AddEditAccountingSystem (\Entity Model\SalesLogix Contract Sync Entities\AppIdMapping\QuickForms\AddEditAccountingSystem.main.quickform.xml)
INFO  2012-06-05 19:52:51,363 - Installing model item: SlxEndPointDetails (\Entity Model\SalesLogix Contract Sync Entities\AppIdMapping\QuickForms\SlxEndPointDetails.main.quickform.xml)
INFO  2012-06-05 19:52:51,397 - Successfully installed SlxEndPointDetails (\Entity Model\SalesLogix Contract Sync Entities\AppIdMapping\QuickForms\SlxEndPointDetails.main.quickform.xml)
INFO  2012-06-05 19:52:51,408 - Installing context item: Web Reporting Portal (\Portal\slxwebrpt\slxwebrpt.portal.xml)
INFO  2012-06-05 19:52:53,070 - Successfully installed Web Reporting Portal (\Portal\slxwebrpt\slxwebrpt.portal.xml)
INFO  2012-06-05 19:52:53,093 - Installing context item: SalesLogix Lead Capture (\Portal\SlxLeadCapture\SlxLeadCapture.portal.xml)
INFO  2012-06-05 19:52:54,289 - Successfully installed SalesLogix Lead Capture (\Portal\SlxLeadCapture\SlxLeadCapture.portal.xml)
INFO  2012-06-05 19:52:54,305 - Installing context item: Intellisync For SalesLogix (\Portal\SlxIntellisync\SlxIntellisync.portal.xml)
INFO  2012-06-05 19:52:54,818 - Successfully installed Intellisync For SalesLogix (\Portal\SlxIntellisync\SlxIntellisync.portal.xml)
INFO  2012-06-05 19:52:54,831 - Installing context item: Sage SalesLogix Customer Portal (\Portal\SLXCustomerPortal\SLXCustomerPortal.portal.xml)
INFO  2012-06-05 19:52:56,408 - Successfully installed Sage SalesLogix Customer Portal (\Portal\SLXCustomerPortal\SLXCustomerPortal.portal.xml)
INFO  2012-06-05 19:52:56,422 - Installing context item: Sage SalesLogix (\Portal\SlxClient\SlxClient.portal.xml)
INFO  2012-06-05 19:52:58,287 - Successfully installed Sage SalesLogix (\Portal\SlxClient\SlxClient.portal.xml)
INFO  2012-06-05 19:52:58,298 - Installing model item: Integration Set Up (\Portal\SlxClient\ChildPages\IntegrationSetup\IntegrationSetup.page.xml)
INFO  2012-06-05 19:52:59,066 - Successfully installed Integration Set Up (\Portal\SlxClient\ChildPages\IntegrationSetup\IntegrationSetup.page.xml)
INFO  2012-06-05 19:52:59,084 - Installing model item: AddEditAccountingSystem (\Portal\SlxClient\ChildPages\IntegrationSetup\SmartParts\AddEditAccountingSystem.smartpart.xml)
INFO  2012-06-05 19:52:59,117 - Successfully installed AddEditAccountingSystem (\Portal\SlxClient\ChildPages\IntegrationSetup\SmartParts\AddEditAccountingSystem.smartpart.xml)
INFO  2012-06-05 19:52:59,128 - Installing context item: SData Integration Host (\Portal\sdata\sdata.portal.xml)
INFO  2012-06-05 19:53:00,406 - Successfully installed SData Integration Host (\Portal\sdata\sdata.portal.xml)
INFO  2012-06-05 19:53:00,421 - Installing context item: Process Host Portal (\Portal\ProcessHost\ProcessHost.portal.xml)
INFO  2012-06-05 19:53:01,189 - Successfully installed Process Host Portal (\Portal\ProcessHost\ProcessHost.portal.xml)
INFO  2012-06-05 19:53:01,204 - Installing item: QFSDataGrid (Control Rendering Template) (\QuickForms\Web\QFSDataGrid.WebControlRenderingTemplate.vm)
INFO  2012-06-05 19:53:01,225 - Successfully installed QFSDataGrid (Control Rendering Template) (\QuickForms\Web\QFSDataGrid.WebControlRenderingTemplate.vm)
INFO  2012-06-05 19:53:01,240 - Installing item: QFSDataGrid (Script Rendering Template) (\QuickForms\Web\QFSDataGrid.WebControlScriptRenderingTemplate.vm)
INFO  2012-06-05 19:53:01,257 - Successfully installed QFSDataGrid (Script Rendering Template) (\QuickForms\Web\QFSDataGrid.WebControlScriptRenderingTemplate.vm)
INFO  2012-06-05 19:53:01,273 - Installing item: QFSLXSDataLookup (Script Rendering Template) (\QuickForms\Web\QFSLXSDataLookup.WebControlScriptRenderingTemplate.vm)
INFO  2012-06-05 19:53:01,293 - Successfully installed QFSLXSDataLookup (Script Rendering Template) (\QuickForms\Web\QFSLXSDataLookup.WebControlScriptRenderingTemplate.vm)
INFO  2012-06-05 19:53:01,315 - Configuring installed items.
INFO  2012-06-05 19:53:01,330 - Configuring Web Reporting Portal...
INFO  2012-06-05 19:53:01,353 - Configuring SalesLogix Lead Capture...
INFO  2012-06-05 19:53:01,368 - Configuring Intellisync For SalesLogix...
INFO  2012-06-05 19:53:01,382 - Configuring Sage SalesLogix Customer Portal...
INFO  2012-06-05 19:53:01,397 - Configuring Sage SalesLogix...
INFO  2012-06-05 19:53:01,416 - Configuring Integration Set Up...
INFO  2012-06-05 19:53:06,617 - Configuring AddEditAccountingSystem...
INFO  2012-06-05 19:53:06,641 - Configuring SData Integration Host...
INFO  2012-06-05 19:53:06,661 - Configuring Process Host Portal...
INFO  2012-06-05 19:53:06,685 - Performing pre-commit to target project.
INFO  2012-06-05 19:53:06,795 - Committing items to target project...
INFO  2012-06-05 19:53:09,156 - Committing transactions...
INFO  2012-06-05 19:53:09,889 - Copying bundle manifest to project.
INFO  2012-06-05 19:53:14,377 - Install complete.
